Thu Oct  3 14:53:42 1996
战弗□□]目前是空的。
Fri Oct  4 14:53:57 1996
战弗□□]目前是空的。
Sat Oct  5 14:54:10 1996
战弗□□]目前是空的。
Sun Oct  6 14:54:21 1996
战弗□□]目前是空的。
Tue Sep 16 13:53:28 1997
战功排行榜目前是空的。
Wed Sep 17 13:53:29 1997
战功排行榜目前是空的。
Thu Sep 18 13:53:30 1997
战功排行榜目前是空的。
Fri Sep 19 13:53:31 1997
战功排行榜目前是空的。
Sat Sep 20 13:53:32 1997
战功排行榜目前是空的。
Sun Sep 21 13:53:33 1997
战功排行榜目前是空的。
Mon Sep 22 13:53:34 1997
战功排行榜目前是空的。
Tue Sep 23 13:53:35 1997
战功排行榜目前是空的。
Wed Sep 24 13:53:36 1997
战功排行榜目前是空的。
Thu Sep 25 13:53:37 1997
战功排行榜目前是空的。
Fri Sep 26 13:53:38 1997
战功排行榜目前是空的。
Sat Sep 27 13:53:39 1997
战功排行榜目前是空的。
Sun Sep 28 13:53:41 1997
战功排行榜目前是空的。
Mon Sep 29 13:53:42 1997
战功排行榜目前是空的。
Wed Oct 22 14:32:41 1997
战功排行榜目前是空的。
Thu Oct 23 14:32:43 1997
战功排行榜目前是空的。
Sat Oct 25 00:45:10 1997
战功排行榜目前是空的。
Tue Oct 28 10:42:13 1997
战功排行榜目前是空的。
Wed Oct 29 16:59:02 1997
战功排行榜目前是空的。
Fri Oct 31 11:31:48 1997
战功排行榜目前是空的。
Sat Nov  1 11:31:51 1997
战功排行榜目前是空的。
Mon Nov  3 00:31:00 1997
战功排行榜目前是空的。
Wed Nov  5 22:29:03 1997
战功排行榜目前是空的。
Sat Nov  8 15:15:08 1997
战功排行榜目前是空的。
Mon Nov 10 13:52:19 1997
战功排行榜目前是空的。
Thu Nov 27 11:21:18 1997
战功排行榜目前是空的。
Sat Nov 29 17:00:25 1997
战功排行榜目前是空的。
Sun Nov 30 17:00:28 1997
战功排行榜目前是空的。
Mon Dec  1 17:00:30 1997
战功排行榜目前是空的。
Tue Dec  2 17:00:33 1997
战功排行榜目前是空的。
Wed Dec  3 17:00:36 1997
战功排行榜目前是空的。
Fri Dec  5 00:25:57 1997
战功排行榜目前是空的。
Sat Dec  6 14:27:11 1997
战功排行榜目前是空的。
Sun Dec  7 14:27:14 1997
战功排行榜目前是空的。
Tue Dec  9 18:38:10 1997
War score排行榜前 2  名:
 名次  玩家姓名           等级          上线时间                  war score 
   1. dgkai                13          4 天 20 小时                   40
   2. nina                 10          0 天 17 小时                   30
Wed Dec 10 21:10:26 1997
War score排行榜前 2  名:
 名次  玩家姓名           等级          上线时间                  war score 
   1. dgkai                13          5 天 10 小时                   40
   2. nina                 10          0 天 20 小时                   30
Thu Dec 11 21:10:29 1997
War score排行榜前 2  名:
 名次  玩家姓名           等级          上线时间                  war score 
   1. dgkai                15          6 天  0 小时                   40
   2. nina                 10          0 天 20 小时                   30
Fri Dec 12 21:10:32 1997
War score排行榜前 1  名:
 名次  玩家姓名           等级          上线时间                  war score 
   1. dgkai                15          6 天 10 小时                   40
Sat Dec 13 21:10:36 1997
War score排行榜前 2  名:
 名次  玩家姓名           等级          上线时间                  war score 
   1. dgkai                16          6 天 21 小时                   40
   2. nina                 10          0 天 23 小时                   30
Sun Dec 14 21:10:39 1997
War score排行榜前 2  名:
 名次  玩家姓名           等级          上线时间                  war score 
   1. dgkai                17          7 天  8 小时                   40
   2. nina                 10          1 天  0 小时                   30
Fri Dec 19 11:27:13 1997
War score排行榜前 2  名:
 名次  玩家姓名           等级          上线时间                  war score 
   1. dgkai                17          9 天  2 小时                   40
   2. nina                 10          1 天  5 小时                   30
Sat Dec 20 22:56:30 1997
War score排行榜前 2  名:
 名次  玩家姓名           等级          上线时间                  war score 
   1. dgkai                18          9 天 13 小时                   40
   2. nina                 10          1 天  9 小时                   30
Sun Dec 21 22:56:34 1997
War score排行榜前 1  名:
 名次  玩家姓名           等级          上线时间                  war score 
   1. dgkai                18          9 天 17 小时                   40
Tue Dec 23 16:56:56 1997
War score排行榜前 2  名:
 名次  玩家姓名           等级          上线时间                  war score 
   1. dgkai                18         10 天  2 小时                   40
   2. nina                 11          1 天 11 小时                   30
Thu Dec 25 01:31:47 1997
War score排行榜前 2  名:
 名次  玩家姓名           等级          上线时间                  war score 
   1. dgkai                18         10 天 12 小时                   40
   2. nina                 11          1 天 13 小时                   30
Fri Dec 26 01:31:51 1997
War score排行榜前 2  名:
 名次  玩家姓名           等级          上线时间                  war score 
   1. dgkai                18         10 天 22 小时                  170
   2. wave                 17          8 天  7 小时                  120
Sun Dec 28 01:27:12 1997
War score排行榜前 3  名:
 名次  玩家姓名           等级          上线时间                  war score 
   1. dgkai                18         11 天 21 小时                  600
   2. wave                 18          9 天  7 小时                  490
   3. alion                18          9 天  6 小时                  400
Mon Dec 29 01:27:15 1997
War score排行榜前 3  名:
 名次  玩家姓名           等级          上线时间                  war score 
   1. dgkai                19         12 天 13 小时                 1670
   2. wave                 19         10 天  1 小时                  730
   3. alion                18          9 天 10 小时                  400
Tue Dec 30 01:27:18 1997
War score排行榜前 3  名:
 名次  玩家姓名           等级          上线时间                  war score 
   1. dgkai                19         13 天  6 小时                 1930
   2. wave                 19         10 天 15 小时                  730
   3. alion                19          9 天 13 小时                  400
Wed Dec 31 23:34:40 1997
War score排行榜前 4  名:
 名次  玩家姓名           等级          上线时间                  war score 
   1. alion                19         10 天  3 小时                10000
   2. dgkai                19         14 天  9 小时                 2760
   3. wave                 19         11 天 16 小时                 1320
   4. oser                  9          3 天  8 小时                   20
Thu Jan  1 23:34:43 1998
War score排行榜前 4  名:
 名次  玩家姓名           等级          上线时间                  war score 
   1. alion                19         10 天 14 小时                10000
   2. dgkai                19         15 天  2 小时                 2760
   3. wave                 19         11 天 23 小时                 1320
   4. oser                  9          3 天 17 小时                   20
Sat Jan  3 01:35:16 1998
War score排行榜前 4  名:
 名次  玩家姓名           等级          上线时间                  war score 
   1. alion                19         10 天 18 小时                10000
   2. dgkai                19         15 天 18 小时                 2760
   3. wave                 19         12 天  3 小时                 1320
   4. oser                  9          3 天 21 小时                   20
Sun Jan  4 01:35:20 1998
War score排行榜前 4  名:
 名次  玩家姓名           等级          上线时间                  war score 
   1. alion                19         11 天  2 小时                10060
   2. dgkai                19         16 天 10 小时                 2840
   3. wave                 19         12 天  7 小时                 1320
   4. oser                 10          4 天  1 小时                   20
Tue Jan  6 15:47:35 1998
War score排行榜前 4  名:
 名次  玩家姓名           等级          上线时间                  war score 
   1. alion                19         11 天  2 小时                10060
   2. dgkai                19         17 天 16 小时                 5060
   3. wave                 19         12 天 11 小时                 1320
   4. oser                 11          4 天  7 小时                   20
Wed Jan  7 15:47:38 1998
War score排行榜前 4  名:
 名次  玩家姓名           等级          上线时间                  war score 
   1. alion                19         11 天  8 小时                10060
   2. dgkai                19         17 天 18 小时                 5070
   3. wave                 19         12 天 13 小时                 1320
   4. oser                 11          4 天 10 小时                   20
Thu Jan  8 17:27:14 1998
War score排行榜前 2  名:
 名次  玩家姓名           等级          上线时间                  war score 
   1. dgkai                19         18 天  0 小时                 5130
   2. oser                 11          4 天 11 小时                   20
Sun Jan 18 07:58:30 1998
War score排行榜前 4  名:
 名次  玩家姓名           等级          上线时间                  war score 
   1. alion                19         12 天  3 小时                10100
   2. dgkai                19         20 天  8 小时                 6310
   3. wave                 19         13 天 19 小时                 1320
   4. oser                 14          6 天  1 小时                   60
Mon Jan 19 08:00:49 1998
War score排行榜前 5  名:
 名次  玩家姓名           等级          上线时间                  war score 
   1. alion                19         12 天  9 小时                10100
   2. dgkai                19         20 天 14 小时                 6310
   3. wave                 19         14 天  3 小时                 1320
   4. nu                   17          4 天 23 小时                  510
   5. oser                 15          6 天  6 小时                   80
Tue Jan 20 08:00:29 1998
War score排行榜前 4  名:
 名次  玩家姓名           等级          上线时间                  war score 
   1. alion                19         12 天  9 小时                10100
   2. dgkai                19         20 天 15 小时                 6310
   3. wave                 19         14 天  4 小时                 1320
   4. oser                 15          6 天 10 小时                   80
Thu Jan 29 07:55:24 1998
War score排行榜前 2  名:
 名次  玩家姓名           等级          上线时间                  war score 
   1. alion                19         13 天  6 小时                10100
   2. nu                   17          6 天  3 小时                  510
Fri Jan 30 08:01:05 1998
War score排行榜前 3  名:
 名次  玩家姓名           等级          上线时间                  war score 
   1. alion                19         13 天  9 小时                10100
   2. dgkai                19         21 天 11 小时                 6310
   3. nu                   17          6 天  9 小时                  510
Sun Feb  1 08:05:13 1998
War score排行榜前 3  名:
 名次  玩家姓名           等级          上线时间                  war score 
   1. alion                19         13 天 14 小时                10100
   2. dgkai                19         21 天 13 小时                 6310
   3. nu                   17          6 天 15 小时                  640
Mon Feb  2 08:00:44 1998
War score排行榜前 3  名:
 名次  玩家姓名           等级          上线时间                  war score 
   1. alion                19         13 天 18 小时                10100
   2. dgkai                19         21 天 17 小时                 6310
   3. oser                 15          8 天  2 小时                  120
Wed Feb  4 08:05:23 1998
War score排行榜前 5  名:
 名次  玩家姓名           等级          上线时间                  war score 
   1. alion                19         14 天  2 小时                10150
   2. dgkai                19         21 天 23 小时                 8180
   3. nu                   17          6 天 20 小时                  640
   4. oser                 16          8 天 13 小时                  470
   5. sky                  17          5 天  1 小时                   10
Thu Feb  5 08:02:39 1998
War score排行榜前 5  名:
 名次  玩家姓名           等级          上线时间                  war score 
   1. alion                19         14 天  6 小时                10590
   2. dgkai                19         22 天  2 小时                 9200
   3. nu                   18          7 天  2 小时                 1150
   4. oser                 18          8 天 18 小时                  488
   5. sky                  17          5 天  9 小时                  220
Wed Feb 11 07:50:30 1998
War score排行榜前 4  名:
 名次  玩家姓名           等级          上线时间                  war score 
   1. nu                   19          8 天 11 小时                 2860
   2. oser                 19         10 天  0 小时                  848
   3. sky                  17          6 天  0 小时                  690
   4. deltree              17          6 天  7 小时                  190
Fri Feb 13 20:31:34 1998
War score排行榜前 4  名:
 名次  玩家姓名           等级          上线时间                  war score 
   1. nu                   19          8 天 15 小时                 2860
   2. sky                  17          6 天  6 小时                  890
   3. oser                 19         10 天  4 小时                  848
   4. deltree              17          6 天 19 小时                  234
Sun Feb 15 08:06:30 1998
War score排行榜前 8  名:
 名次  玩家姓名           等级          上线时间                  war score 
   1. alion                19         14 天 19 小时                50000
   2. sky                  17          6 天 12 小时                30000
   3. nu                   19          9 天  3 小时                 3380
   4. oser                 19         10 天 12 小时                  848
   5. corpse               19         13 天  8 小时                  390
   6. deltree              17          7 天  2 小时                  234
   7. patric               13          5 天 11 小时                   10
   8. paladin               8          0 天 21 小时                   10
Mon Feb 16 08:10:27 1998
War score排行榜前 6  名:
 名次  玩家姓名           等级          上线时间                  war score 
   1. alion                19         14 天 19 小时                50000
   2. nu                   19          9 天  8 小时                 3380
   3. oser                 19         10 天 16 小时                  848
   4. corpse               19         13 天 12 小时                  390
   5. patric               13          5 天 11 小时                   10
   6. paladin               8          1 天  2 小时                   10
Thu Feb 19 15:54:21 1998
War score排行榜前 5  名:
 名次  玩家姓名           等级          上线时间                  war score 
   1. alion                19         14 天 21 小时                50000
   2. nu                   19          9 天 15 小时                 3380
   3. oser                 19         10 天 19 小时                  848
   4. deltree              18          8 天  2 小时                  254
   5. patric               15          6 天  3 小时                   10
Sun Feb 22 07:45:56 1998
War score排行榜前 8  名:
 名次  玩家姓名           等级          上线时间                  war score 
   1. alion                19         14 天 22 小时                50000
   2. nu                   19         10 天 11 小时                 6896
   3. oser                 19         11 天  7 小时                 1258
   4. corpse               19         14 天  0 小时                  980
   5. deltree              18          8 天 17 小时                  264
   6. vice                 15          1 天  8 小时                  254
   7. zbird                 5          1 天  2 小时                   10
   8. paladin               8          1 天  5 小时                   10
Mon Feb 23 08:19:17 1998
War score排行榜前 6  名:
 名次  玩家姓名           等级          上线时间                  war score 
   1. nu                   19         10 天 16 小时                 7716
   2. oser                 19         11 天 11 小时                 1258
   3. deltree              18          9 天  2 小时                  264
   4. vice                 18          1 天 20 小时                  254
   5. zbird                 5          1 天  3 小时                   10
   6. paladin               8          1 天  8 小时                   10
Tue Feb 24 08:27:18 1998
War score排行榜前 5  名:
 名次  玩家姓名           等级          上线时间                  war score 
   1. nu                   19         10 天 19 小时                 7716
   2. oser                 19         11 天 14 小时                 1258
   3. deltree              18          9 天 12 小时                  264
   4. vice                 19          2 天  3 小时                  254
   5. patric               15          6 天  4 小时                   10
Wed Mar 18 08:10:34 1998
War score排行榜前 2  名:
 名次  玩家姓名           等级          上线时间                  war score 
   1. nu                   19         14 天  3 小时                10146
   2. deltree              19         13 天  5 小时                 1344
Tue Mar 24 22:16:10 1998
War score排行榜前 4  名:
 名次  玩家姓名           等级          上线时间                  war score 
   1. alion                19         15 天  1 小时                50000
   2. nu                   19         14 天 18 小时                 9646
   3. deltree              19         14 天 10 小时                 1344
   4. patric               17          7 天 14 小时                   40
Mon Mar 30 01:07:08 1998
War score排行榜前 3  名:
 名次  玩家姓名           等级          上线时间                  war score 
   1. dgkai                19         22 天 10 小时                12260
   2. oser                 19         12 天  9 小时                 4958
   3. pc                    5          5 天  5 小时                   30
Tue Apr  7 07:46:06 1998
War score排行榜前 3  名:
 名次  玩家姓名           等级          上线时间                  war score 
   1. oser                 19         12 天 11 小时                 4998
   2. deltree              19         15 天  5 小时                 1344
   3. pc                    6          6 天  4 小时                  160
Tue May 22 23:10:14 2001
战功排行榜目前是空的。
Tue May 22 23:39:41 2001
战功排行榜目前是空的。
