Wed Oct  2 14:53:33 1996
小偷排行榜目前是空的。
Thu Oct  3 14:53:42 1996
小偷排行榜目前是空的。
Fri Oct  4 14:53:57 1996
小偷排行榜目前是空的。
Sat Oct  5 14:54:10 1996
小偷排行榜目前是空的。
Sun Oct  6 14:54:21 1996
小偷排行榜目前是空的。
Tue Sep 16 13:53:28 1997
小偷排行榜目前是空的。
Wed Sep 17 13:53:29 1997
小偷排行榜目前是空的。
Thu Sep 18 13:53:30 1997
小偷排行榜目前是空的。
Fri Sep 19 13:53:31 1997
小偷排行榜目前是空的。
Sat Sep 20 13:53:32 1997
小偷排行榜目前是空的。
Sun Sep 21 13:53:33 1997
小偷排行榜目前是空的。
Mon Sep 22 13:53:34 1997
小偷排行榜目前是空的。
Tue Sep 23 13:53:35 1997
小偷排行榜目前是空的。
Wed Sep 24 13:53:36 1997
小偷排行榜目前是空的。
Thu Sep 25 13:53:37 1997
小偷排行榜目前是空的。
Fri Sep 26 13:53:38 1997
小偷排行榜目前是空的。
Sat Sep 27 13:53:39 1997
小偷排行榜目前是空的。
Sun Sep 28 13:53:41 1997
小偷排行榜目前是空的。
Mon Sep 29 13:53:42 1997
小偷排行榜目前是空的。
Wed Oct 22 14:32:41 1997
小偷排行榜目前是空的。
Thu Oct 23 14:32:43 1997
小偷排行榜目前是空的。
Sat Oct 25 00:45:10 1997
小偷排行榜目前是空的。
Tue Oct 28 10:42:13 1997
小偷排行榜目前是空的。
Wed Oct 29 16:59:02 1997
小偷排行榜目前是空的。
Fri Oct 31 11:31:48 1997
小偷排行榜目前是空的。
Sat Nov  1 11:31:51 1997
小偷排行榜目前是空的。
Mon Nov  3 00:31:00 1997
小偷排行榜目前是空的。
Wed Nov  5 22:29:03 1997
小偷排行榜目前是空的。
Sat Nov  8 15:15:08 1997
小偷排行榜目前是空的。
Mon Nov 10 13:52:19 1997
小偷排行榜目前是空的。
Wed Nov 12 21:30:34 1997
小偷排行榜目前是空的。
Thu Nov 13 21:30:36 1997
小偷排行榜目前是空的。
Fri Nov 14 22:39:54 1997
小偷排行榜目前是空的。
Sat Nov 15 23:37:13 1997
小偷排行榜目前是空的。
Sun Nov 16 23:37:15 1997
小偷排行榜目前是空的。
Mon Nov 17 23:37:19 1997
小偷排行榜目前是空的。
Tue Nov 18 23:37:22 1997
小偷排行榜目前是空的。
Thu Nov 20 13:33:30 1997
小偷排行榜目前是空的。
Sat Nov 22 02:03:41 1997
小偷排行榜目前是空的。
Sun Nov 23 02:03:55 1997
小偷排行榜目前是空的。
Mon Nov 24 15:15:24 1997
小偷排行榜目前是空的。
Tue Nov 25 15:15:30 1997
小偷排行榜目前是空的。
Thu Nov 27 11:21:18 1997
小偷排行榜目前是空的。
Sat Nov 29 17:00:25 1997
小偷排行榜目前是空的。
Sun Nov 30 17:00:28 1997
小偷排行榜目前是空的。
Mon Dec  1 17:00:30 1997
小偷排行榜目前是空的。
Tue Dec  2 17:00:33 1997
小偷排行榜目前是空的。
Wed Dec  3 17:00:36 1997
小偷排行榜目前是空的。
Fri Dec  5 00:25:57 1997
小偷排行榜目前是空的。
Sat Dec  6 14:27:11 1997
小偷排行榜目前是空的。
Sun Dec  7 14:27:14 1997
小偷排行榜目前是空的。
Tue Dec  9 18:38:10 1997
小偷排行榜目前是空的。
Wed Dec 10 21:10:26 1997
小偷排行榜目前是空的。
Thu Dec 11 21:10:29 1997
小偷排行榜目前是空的。
Fri Dec 12 21:10:32 1997
小偷排行榜目前是空的。
Sat Dec 13 21:10:36 1997
小偷排行榜目前是空的。
Sun Dec 14 21:10:39 1997
小偷排行榜目前是空的。
Fri Dec 19 11:27:13 1997
小偷排行榜目前是空的。
Sat Dec 20 22:56:30 1997
小偷排行榜目前是空的。
Sun Dec 21 22:56:34 1997
小偷排行榜目前是空的。
Tue Dec 23 16:56:56 1997
小偷排行榜目前是空的。
Thu Dec 25 01:31:47 1997
小偷排行榜目前是空的。
Fri Dec 26 01:31:51 1997
小偷排行榜目前是空的。
Sun Dec 28 01:27:12 1997
小偷排行榜目前是空的。
Mon Dec 29 01:27:15 1997
小偷排行榜目前是空的。
Tue Dec 30 01:27:18 1997
小偷排行榜目前是空的。
Wed Dec 31 23:34:40 1997
小偷排行榜目前是空的。
Thu Jan  1 23:34:43 1998
小偷排行榜目前是空的。
Sat Jan  3 01:35:16 1998
小偷排行榜目前是空的。
Sun Jan  4 01:35:20 1998
小偷排行榜目前是空的。
Tue Jan  6 15:47:35 1998
小偷排行榜目前是空的。
Wed Jan  7 15:47:38 1998
小偷排行榜目前是空的。
Thu Jan  8 17:27:14 1998
小偷排行榜目前是空的。
Sun Jan 18 07:58:30 1998
小偷排行榜目前是空的。
Mon Jan 19 08:00:49 1998
小偷排行榜目前是空的。
Tue Jan 20 08:00:29 1998
小偷排行榜目前是空的。
Thu Jan 29 07:55:24 1998
小偷排行榜目前是空的。
Fri Jan 30 08:01:05 1998
小偷排行榜目前是空的。
Sun Feb  1 08:05:13 1998
小偷排行榜目前是空的。
Mon Feb  2 08:00:44 1998
小偷排行榜目前是空的。
Wed Feb  4 08:05:23 1998
小偷排行榜目前是空的。
Thu Feb  5 08:02:39 1998
小偷排行榜目前是空的。
Wed Feb 11 07:50:30 1998
小偷排行榜目前是空的。
Fri Feb 13 20:31:34 1998
小偷排行榜目前是空的。
Sun Feb 15 08:06:30 1998
小偷排行榜目前是空的。
Mon Feb 16 08:10:27 1998
小偷排行榜目前是空的。
Thu Feb 19 15:54:21 1998
小偷排行榜目前是空的。
Sun Feb 22 07:45:56 1998
小偷排行榜目前是空的。
Mon Feb 23 08:19:17 1998
小偷排行榜目前是空的。
Tue Feb 24 08:27:18 1998
小偷排行榜目前是空的。
Wed Mar 18 08:10:34 1998
小偷排行榜目前是空的。
Tue Mar 24 22:16:10 1998
小偷排行榜目前是空的。
Mon Mar 30 01:07:08 1998
小偷排行榜目前是空的。
Tue Apr  7 07:46:06 1998
小偷排行榜目前是空的。
Tue May 22 23:10:14 2001
小偷排行榜目前是空的。
Tue May 22 23:39:42 2001
小偷排行榜目前是空的。
