Thu Sep  5 02:58:59 1996
魔法等级排行榜目前是空的。
Fri Sep  6 02:59:06 1996
魔法等级排行榜目前是空的。
Sat Sep  7 02:59:11 1996
魔法等级排行榜目前是空的。
Sun Sep  8 02:59:16 1996
魔法等级排行榜目前是空的。
Mon Sep  9 02:59:21 1996
魔法等级排行榜目前是空的。
Tue Sep 10 02:59:26 1996
魔法等级排行榜目前是空的。
Wed Sep 11 02:59:31 1996
魔法等级排行榜目前是空的。
Thu Sep 12 02:59:36 1996
魔法等级排行榜目前是空的。
Sat Sep 14 13:25:16 1996
魔法等级排行榜目前是空的。
Sun Sep 15 13:25:21 1996
魔法等级排行榜前 3名:
 名次  玩家姓名      等级     上线时间        综合   元素    黑    杂项
   1. sef             19     37 天  4 小时     56     54     54     60
   2. nausca          19     12 天 13 小时     44     53     54     25
   3. zephyr          17     12 天  6 小时     43     45     39     46
Mon Sep 16 13:25:26 1996
魔法等级排行榜目前是空的。
Wed Sep 18 11:32:15 1996
魔法等级排行榜目前是空的。
Sun Sep 22 12:47:54 1996
魔法等级排行榜目前是空的。
Mon Sep 23 12:47:58 1996
魔法等级排行榜目前是空的。
Tue Sep 24 12:48:02 1996
魔法等级排行榜目前是空的。
Thu Sep 26 16:37:56 1996
魔法等级排行榜目前是空的。
Fri Sep 27 16:38:01 1996
魔法等级排行榜目前是空的。
Wed Oct  2 14:53:33 1996
魔法等级排行榜前 37名:
 名次  玩家姓名      等级     上线时间        综合   元素    黑    杂项
   1. lache            4      0 天 17 小时      4     12      0      0
   2. kora             3      0 天  8 小时      1      4      0      0
   3. ds               3      0 天  6 小时      1      3      0      0
   4. yeye             1      0 天  0 小时      0      0      0      0
   5. shota            1      0 天  0 小时      0      0      0      0
   6. andoor           1      0 天  2 小时      0      0      0      0
   7. susaam           1      0 天  1 小时      0      0      0      0
   8. hobu             1      0 天  0 小时      0      0      0      0
   9. kky              1      0 天  1 小时      0      0      0      0
  10. phase            1      0 天  1 小时      0      0      0      0
  11. kyo              3      0 天  4 小时      0      0      0      0
  12. martice          3      0 天  1 小时      0      0      0      0
  13. hmaenadyt        1      0 天  0 小时      0      0      0      0
  14. nike             2      0 天  0 小时      0      0      0      0
  15. merlin           2      0 天  3 小时      0      0      0      0
  16. booksmall        1      0 天  3 小时      0      0      0      0
  17. apache           4      0 天  3 小时      0      0      0      0
  18. nothing          3      0 天  8 小时      0      0      0      0
  19. superping        1      0 天  0 小时      0      0      0      0
  20. jesus            2      0 天  2 小时      0      0      0      0
  21. bible            1      0 天  0 小时      0      0      0      0
  22. christin         1      0 天  4 小时      0      0      0      0
  23. xyz              1      0 天  3 小时      0      0      0      0
  24. jasan            1      0 天  1 小时      0      0      0      0
  25. rince            1      0 天  3 小时      0      0      0      0
  26. norkay           1      0 天 10 小时      0      0      0      0
  27. ccp              1      0 天  0 小时      0      0      0      0
  28. ionize           1      0 天  0 小时      0      0      0      0
  29. ctwin            1      0 天  5 小时      0      0      0      0
  30. scoop            2      0 天  2 小时      0      0      0      0
  31. cosette          1      0 天  8 小时      0      0      0      0
  32. ccl              2      0 天  7 小时      0      0      0      0
  33. ache             1      0 天  3 小时      0      0      0      0
  34. porches          1      0 天  0 小时      0      0      0      0
  35. sspy             1      0 天  0 小时      0      0      0      0
  36. franco           1      0 天  4 小时      0      0      0      0
  37. nausca           2      0 天  3 小时      0      0      0      0
Thu Oct  3 14:53:42 1996
魔法等级排行榜前 40名:
 名次  玩家姓名      等级     上线时间        综合   元素    黑    杂项
   1. lache            4      1 天  6 小时      6     18      0      0
   2. ds               4      0 天 10 小时      3     10      0      0
   3. jesus            2      0 天 14 小时      3      9      0      0
   4. norkay           2      0 天 18 小时      3     10      0      0
   5. nothing          3      0 天 13 小时      2      6      0      0
   6. ctwin            2      0 天 14 小时      2      8      0      0
   7. wellwind         2      0 天  7 小时      2      6      0      0
   8. martice          4      0 天  6 小时      2      8      0      0
   9. kora             3      0 天 10 小时      1      5      0      0
  10. casty            4      0 天  5 小时      1      3      0      0
  11. merlin           3      0 天 12 小时      1      4      0      0
  12. christin         2      0 天  7 小时      1      3      0      0
  13. shota            1      0 天  3 小时      0      0      0      0
  14. splay            1      0 天  1 小时      0      0      0      0
  15. sec              1      0 天  0 小时      0      0      0      0
  16. susaam           1      0 天  4 小时      0      0      0      0
  17. hmaenadyt        1      0 天  2 小时      0      0      0      0
  18. nausca           2      0 天  5 小时      0      0      0      0
  19. phase            1      0 天  2 小时      0      0      0      0
  20. andoor           4      0 天  7 小时      0      0      0      0
  21. chevy            1      0 天  4 小时      0      0      0      0
  22. franco           1      0 天 10 小时      0      0      0      0
  23. cosette          1      0 天  9 小时      0      0      0      0
  24. jean             1      0 天  0 小时      0      0      0      0
  25. apache           4      0 天  5 小时      0      0      0      0
  26. jasan            1      0 天  4 小时      0      0      0      0
  27. sog              1      0 天  0 小时      0      0      0      0
  28. booksmall        1      0 天  5 小时      0      0      0      0
  29. xyz              1      0 天  5 小时      0      0      0      0
  30. esp              1      0 天  1 小时      0      0      0      0
  31. alf              2      0 天  6 小时      0      1      0      0
  32. nike             2      0 天  1 小时      0      0      0      0
  33. mvw              1      0 天  0 小时      0      0      0      0
  34. kojii            1      0 天  2 小时      0      0      0      0
  35. rince            4      0 天  8 小时      0      0      0      0
  36. sef              1      0 天  1 小时      0      0      0      0
  37. bluerex          1      0 天  0 小时      0      0      0      0
  38. kky              1      0 天  3 小时      0      0      0      0
  39. kyo              3      0 天 12 小时      0      0      0      0
  40. ccl              3      0 天  8 小时      0      0      0      0
Fri Oct  4 14:53:57 1996
魔法等级排行榜前 35名:
 名次  玩家姓名      等级     上线时间        综合   元素    黑    杂项
   1. lache            7      1 天 22 小时      7     23      0      0
   2. martice          5      0 天 13 小时      5     17      0      0
   3. norkay           3      1 天  5 小时      5     15      0      0
   4. jesus            4      0 天 23 小时      4     13      0      0
   5. ds               4      0 天 11 小时      3     10      0      0
   6. wellwind         2      0 天 11 小时      3     11      0      0
   7. alf              4      0 天 16 小时      3     10      0      0
   8. christin         4      0 天 15 小时      3      9      0      0
   9. andoor           4      0 天 15 小时      3      9      0      0
  10. merlin           4      0 天 16 小时      2      8      0      0
  11. franco           2      0 天 17 小时      2      6      0      0
  12. tsi              2      0 天  5 小时      2      6      0      0
  13. kyo              3      0 天 15 小时      1      3      0      0
  14. freud            2      0 天  2 小时      0      0      0      0
  15. ae               1      0 天  0 小时      0      0      0      0
  16. streit           1      0 天  1 小时      0      0      0      0
  17. moon             1      0 天  1 小时      0      0      0      0
  18. phase            1      0 天  2 小时      0      0      0      0
  19. koo              1      0 天  0 小时      0      0      0      0
  20. rince            4      0 天  8 小时      0      0      0      0
  21. jasan            2      0 天  7 小时      0      0      0      0
  22. ache             1      0 天  5 小时      0      0      0      0
  23. chevy            2      0 天  7 小时      0      0      0      0
  24. nike             2      0 天  2 小时      0      0      0      0
  25. taron            1      0 天  1 小时      0      0      0      0
  26. robert           1      0 天  5 小时      0      2      0      0
  27. booksmall        1      0 天 12 小时      0      0      0      0
  28. mvw              2      0 天  5 小时      0      1      0      0
  29. yamo             1      0 天  5 小时      0      0      0      0
  30. nothing          1      0 天  1 小时      0      0      0      0
  31. mary             1      0 天  2 小时      0      0      0      0
  32. cosette          2      0 天 18 小时      0      1      0      0
  33. kojii            1      0 天  4 小时      0      0      0      0
  34. del              2      0 天  4 小时      0      0      0      0
  35. bluerex          2      0 天  5 小时      0      0      0      0
Sat Oct  5 14:54:10 1996
魔法等级排行榜前 41名:
 名次  玩家姓名      等级     上线时间        综合   元素    黑    杂项
   1. lache           10      2 天 10 小时      9     27      0      0
   2. alf              7      1 天  8 小时      6     20      0      0
   3. norkay           5      1 天 17 小时      6     19      0      0
   4. jesus            4      1 天  7 小时      5     15      0      0
   5. wellwind         4      0 天 19 小时      5     17      0      0
   6. christin         4      0 天 22 小时      4     14      0      0
   7. ctwin            4      0 天 16 小时      4     13      0      0
   8. andoor           4      0 天 19 小时      3     10      0      0
   9. booksmall        2      0 天 22 小时      3      9      0      0
  10. casty            4      0 天 13 小时      3      9      0      0
  11. freud            2      0 天 10 小时      3      9      0      0
  12. splay            2      0 天  7 小时      2      8      0      0
  13. robert           1      0 天 13 小时      2      6      0      0
  14. nothing          2      0 天  9 小时      2      6      0      0
  15. jasan            2      0 天 14 小时      2      6      0      0
  16. kyo              3      0 天 18 小时      1      4      0      0
  17. mvw              2      0 天 10 小时      1      4      0      0
  18. duke             4      0 天  6 小时      1      5      0      0
  19. help             2      0 天 11 小时      1      4      0      0
  20. taron            2      0 天  5 小时      1      3      0      0
  21. sef              2      0 天  4 小时      0      0      0      0
  22. mary             2      0 天  4 小时      0      1      0      0
  23. ae               1      0 天  1 小时      0      0      0      0
  24. shota            1      0 天  6 小时      0      0      0      0
  25. porches          2      0 天  3 小时      0      0      0      0
  26. rince            4      0 天 11 小时      0      0      0      0
  27. apache           2      0 天  1 小时      0      0      0      0
  28. aeneas           1      0 天  0 小时      0      0      0      0
  29. jean             1      0 天  1 小时      0      0      0      0
  30. yeye             1      0 天  2 小时      0      0      0      0
  31. nike             4      0 天  5 小时      0      0      0      0
  32. susaam           1      0 天  7 小时      0      0      0      0
  33. nausca           5      0 天  4 小时      0      0      0      0
  34. kojii            2      0 天  6 小时      0      0      0      0
  35. xyz              2      0 天  8 小时      0      0      0      0
  36. liya             3      0 天  5 小时      0      0      0      0
  37. yamo             1      0 天  7 小时      0      0      0      0
  38. gash             4      0 天  2 小时      0      1      0      0
  39. jnr              1      0 天  5 小时      0      0      0      0
  40. bluerex          3      0 天  8 小时      0      0      0      0
  41. koo              1      0 天  2 小时      0      0      0      0
Sun Oct  6 14:54:21 1996
魔法等级排行榜前 36名:
 名次  玩家姓名      等级     上线时间        综合   元素    黑    杂项
   1. alf              8      1 天 23 小时     13     25      0     14
   2. lache           12      2 天 22 小时     10     30      0      0
   3. norkay           6      2 天  6 小时      7     23      0      0
   4. ctwin            5      1 天  0 小时      7     22      0      0
   5. wellwind         5      0 天 21 小时      6     18      0      0
   6. jesus            5      1 天 15 小时      5     17      0      0
   7. christin         4      1 天  1 小时      5     15      0      0
   8. freud            4      0 天 20 小时      5     16      0      0
   9. casty            4      0 天 13 小时      3      9      0      0
  10. booksmall        2      0 天 22 小时      3     10      0      0
  11. splay            2      0 天  8 小时      3      9      0      0
  12. tsi              2      0 天  8 小时      3     10      0      0
  13. nothing          2      0 天 11 小时      2      7      0      0
  14. jasan            2      0 天 23 小时      2      8      0      0
  15. xyz              2      0 天 13 小时      2      6      0      0
  16. nike             4      0 天 12 小时      2      8      0      0
  17. mvw              2      0 天 12 小时      2      6      0      0
  18. taron            2      0 天  5 小时      1      4      0      0
  19. cosette          2      0 天 23 小时      1      5      0      0
  20. kyo              3      0 天 19 小时      1      4      0      0
  21. nausca           5      0 天  9 小时      1      5      0      0
  22. llo              2      0 天  4 小时      1      4      0      0
  23. yamo             2      0 天  9 小时      1      3      0      0
  24. sog              3      0 天  6 小时      1      3      0      0
  25. noah             1      0 天  2 小时      0      0      0      0
  26. bluerex          3      0 天  9 小时      0      0      0      0
  27. miza             2      0 天  2 小时      0      0      0      0
  28. liya             3      0 天  7 小时      0      2      0      0
  29. magicloner       1      0 天  1 小时      0      0      0      0
  30. die              1      0 天  0 小时      0      0      0      0
  31. pilot            1      0 天  0 小时      0      0      0      0
  32. jean             1      0 天  4 小时      0      0      0      0
  33. shota            1      0 天 11 小时      0      0      0      0
  34. sef              3      0 天 10 小时      0      0      0      0
  35. streit           1      0 天  9 小时      0      0      0      0
  36. susaam           1      0 天 10 小时      0      0      0      0
Tue Sep 16 13:53:28 1997
魔法等级排行榜目前是空的。
Wed Sep 17 13:53:29 1997
魔法等级排行榜目前是空的。
Thu Sep 18 13:53:30 1997
魔法等级排行榜目前是空的。
Fri Sep 19 13:53:31 1997
魔法等级排行榜目前是空的。
Sat Sep 20 13:53:32 1997
魔法等级排行榜目前是空的。
Sun Sep 21 13:53:33 1997
魔法等级排行榜目前是空的。
Mon Sep 22 13:53:34 1997
魔法等级排行榜目前是空的。
Tue Sep 23 13:53:35 1997
魔法等级排行榜目前是空的。
Wed Sep 24 13:53:36 1997
魔法等级排行榜目前是空的。
Thu Sep 25 13:53:37 1997
魔法等级排行榜目前是空的。
Fri Sep 26 13:53:38 1997
魔法等级排行榜目前是空的。
Sat Sep 27 13:53:39 1997
魔法等级排行榜目前是空的。
Sun Sep 28 13:53:41 1997
魔法等级排行榜目前是空的。
Mon Sep 29 13:53:42 1997
魔法等级排行榜目前是空的。
Wed Oct 22 14:32:41 1997
魔法等级排行榜目前是空的。
Thu Oct 23 14:32:43 1997
魔法等级排行榜目前是空的。
Sat Oct 25 00:45:10 1997
魔法等级排行榜前 1名:
 名次  玩家姓名      等级     上线时间        综合   元素    黑    杂项
   1. bmp              2      0 天 10 小时      0      0      0      0
Tue Oct 28 10:42:13 1997
魔法等级排行榜前 2名:
 名次  玩家姓名      等级     上线时间        综合   元素    黑    杂项
   1. bmp              3      1 天  4 小时      0      0      0      0
   2. yyt              5      1 天  7 小时      0      0      0      0
Wed Oct 29 16:59:02 1997
魔法等级排行榜前 4名:
 名次  玩家姓名      等级     上线时间        综合   元素    黑    杂项
   1. dll              1      0 天  3 小时      0      0      0      0
   2. dark             1      0 天  0 小时      0      0      0      0
   3. yyt              5      1 天 19 小时      0      0      2      0
   4. bmp              4      1 天  7 小时      0      0      0      0
Fri Oct 31 11:31:48 1997
魔法等级排行榜前 6名:
 名次  玩家姓名      等级     上线时间        综合   元素    黑    杂项
   1. yyt              5      2 天 11 小时      8     16      7      2
   2. amuse            1      0 天  1 小时      0      0      0      0
   3. smooth           1      0 天  0 小时      0      0      0      0
   4. xuexue           1      0 天  0 小时      0      0      0      0
   5. dll              2      0 天 11 小时      0      0      0      0
   6. dark             1      0 天  9 小时      0      0      0      0
Sat Nov  1 11:31:51 1997
魔法等级排行榜前 5名:
 名次  玩家姓名      等级     上线时间        综合   元素    黑    杂项
   1. yyt              5      3 天  0 小时     10     21      7      2
   2. long             1      0 天  1 小时      0      0      0      0
   3. mnb              2      0 天  4 小时      0      0      0      0
   4. dark             1      0 天 16 小时      0      0      0      0
   5. bluecat          2      0 天  6 小时      0      0      0      0
Mon Nov 10 13:52:19 1997
魔法等级排行榜前 10名:
 名次  玩家姓名      等级     上线时间        综合   元素    黑    杂项
   1. mnb              6      2 天 10 小时      8     25      0      0
   2. qwe              5      1 天  8 小时      6     19      0      0
   3. diablo           4      1 天 10 小时      5     15      0      0
   4. long             3      0 天 19 小时      5     14      1      0
   5. bluecat          3      0 天 10 小时      4     14      0      0
   6. paul             4      0 天 18 小时      1      4      0      0
   7. lai              1      0 天  0 小时      0      0      0      0
   8. free             2      0 天 10 小时      0      2      0      0
   9. jenny            1      0 天  8 小时      0      0      0      0
  10. police           1      0 天  4 小时      0      0      0      0
Wed Nov 12 21:30:34 1997
魔法等级排行榜前 16名:
 名次  玩家姓名      等级     上线时间        综合   元素    黑    杂项
   1. bluecat          7      1 天  7 小时     11     24      1      8
   2. mnb              7      2 天 22 小时      9     28      0      0
   3. diablo           6      3 天  0 小时      9     23      5      0
   4. qwe              5      2 天 16 小时      8     24      0      0
   5. long             5      1 天 16 小时      8     19      7      0
   6. free             2      0 天 17 小时      2      6      0      0
   7. paul             5      0 天 15 小时      2      7      0      0
   8. lai              2      0 天  4 小时      1      3      0      0
   9. heroes           1      0 天  0 小时      0      0      0      0
  10. ooooo            1      0 天  0 小时      0      0      0      0
  11. kkkkk            1      0 天  0 小时      0      0      0      0
  12. sony             4      0 天 16 小时      0      0      0      0
  13. bhh              3      0 天  8 小时      0      0      0      0
  14. ppl              1      0 天  0 小时      0      0      0      0
  15. dodo             1      0 天  1 小时      0      0      0      0
  16. bbq              2      0 天  1 小时      0      0      0      0
Thu Nov 13 21:30:36 1997
魔法等级排行榜前 16名:
 名次  玩家姓名      等级     上线时间        综合   元素    黑    杂项
   1. bluecat          7      1 天 12 小时     12     25      1     12
   2. diablo           6      3 天 13 小时     12     26     11      0
   3. mnb              7      3 天  3 小时     10     30      0      0
   4. long             6      1 天 22 小时      9     19      9      0
   5. qwe              6      3 天  7 小时      9     28      0      0
   6. paul             5      1 天  0 小时      4     12      1      0
   7. free             3      0 天 22 小时      2      7      0      0
   8. lai              2      0 天  5 小时      1      4      0      0
   9. lzl              2      0 天  1 小时      0      0      0      0
  10. jenny            1      0 天  0 小时      0      0      0      0
  11. sony             4      0 天 20 小时      0      0      0      0
  12. angeldiablo      1      0 天  2 小时      0      0      0      0
  13. bbq              1      0 天  1 小时      0      0      0      0
  14. police           1      0 天  1 小时      0      0      0      0
  15. bhh              3      0 天 14 小时      0      0      0      0
  16. jam              1      0 天  2 小时      0      0      0      0
Fri Nov 14 22:39:54 1997
魔法等级排行榜前 11名:
 名次  玩家姓名      等级     上线时间        综合   元素    黑    杂项
   1. diablo           7      4 天  7 小时     19     29     15     14
   2. bluecat          7      1 天 13 小时     13     25      2     13
   3. mnb              7      3 天  4 小时     10     30      0      0
   4. long             6      2 天  5 小时     10     21     10      0
   5. qwe              7      3 天 17 小时      9     29      0      0
   6. paul             5      1 天  6 小时      6     15      1      4
   7. free             3      1 天  1 小时      2      8      0      0
   8. sony             4      1 天  1 小时      1      2      1      0
   9. diana            3      0 天  3 小时      0      1      0      0
  10. bhh              3      0 天 20 小时      0      2      0      0
  11. bbq              1      0 天  1 小时      0      0      0      0
Sat Nov 15 23:37:13 1997
魔法等级排行榜前 20名:
 名次  玩家姓名      等级     上线时间        综合   元素    黑    杂项
   1. diablo           7      4 天 10 小时     20     29     16     16
   2. bluecat          7      1 天 17 小时     13     25      2     14
   3. mnb             10      3 天 12 小时     13     32      0      9
   4. paul             7      1 天 20 小时     11     19      4     10
   5. long             6      2 天  8 小时     10     21     11      0
   6. qwe              8      4 天  6 小时     10     31      0      0
   7. free             3      1 天  7 小时      3     11      0      0
   8. lai              2      0 天  6 小时      2      6      0      0
   9. bhh              3      1 天  2 小时      2      7      0      0
  10. sony             4      1 天  5 小时      2      4      4      0
  11. diana            3      0 天  4 小时      1      4      0      0
  12. leilei           1      0 天  0 小时      0      0      0      0
  13. angeldiablo      1      0 天  3 小时      0      0      0      0
  14. xueer            1      0 天  1 小时      0      0      0      0
  15. rats             1      0 天  1 小时      0      0      0      0
  16. con              2      0 天  5 小时      0      0      0      0
  17. guojing          1      0 天  0 小时      0      0      0      0
  18. puzzle           1      0 天  0 小时      0      0      0      0
  19. police           1      0 天  4 小时      0      0      0      0
  20. bbq              1      0 天  3 小时      0      0      0      0
Sun Nov 16 23:37:15 1997
魔法等级排行榜前 15名:
 名次  玩家姓名      等级     上线时间        综合   元素    黑    杂项
   1. mnb             12      3 天 22 小时     14     33      0      9
   2. bluecat          7      1 天 19 小时     13     25      2     14
   3. paul             7      2 天  2 小时     12     20      5     11
   4. long             6      2 天 10 小时     11     22     11      0
   5. qwe              8      4 天 11 小时     10     32      0      0
   6. free             4      1 天 13 小时      4     13      0      0
   7. sony             4      1 天  7 小时      3      5      4      0
   8. lai              2      0 天  9 小时      3     10      0      0
   9. diana            3      0 天  5 小时      1      4      0      0
  10. leilei           2      0 天  3 小时      0      0      0      0
  11. con              2      0 天  7 小时      0      0      0      0
  12. police           1      0 天  5 小时      0      0      0      0
  13. bbq              1      0 天  4 小时      0      0      0      0
  14. angeldiablo      3      0 天  9 小时      0      0      0      0
  15. rats             1      0 天  2 小时      0      0      0      0
Mon Nov 17 23:37:19 1997
魔法等级排行榜前 11名:
 名次  玩家姓名      等级     上线时间        综合   元素    黑    杂项
   1. diablo           8      5 天  1 小时     21     32     16     16
   2. mnb             13      4 天  2 小时     15     35      0     11
   3. paul             7      2 天  3 小时     12     20      5     11
   4. long             6      2 天 14 小时     11     23     12      0
   5. qwe              8      4 天 19 小时     10     32      0      0
   6. lai              2      0 天 11 小时      4     12      0      0
   7. bhh              3      1 天  3 小时      2      7      0      0
   8. diana            3      0 天  6 小时      1      5      0      0
   9. angeldiablo      3      0 天 11 小时      0      0      0      0
  10. leilei           2      0 天  7 小时      0      0      0      0
  11. bbq              1      0 天  6 小时      0      0      0      0
Tue Nov 18 23:37:22 1997
魔法等级排行榜前 13名:
 名次  玩家姓名      等级     上线时间        综合   元素    黑    杂项
   1. diablo           8      5 天  8 小时     21     33     16     16
   2. mnb             13      4 天  6 小时     15     35      0     11
   3. qwe              8      5 天  7 小时     11     33      0      0
   4. free             5      1 天 17 小时      5     16      1      0
   5. lai              3      0 天 16 小时      5     16      0      0
   6. diana            3      0 天  7 小时      2      6      0      0
   7. jjfz             1      0 天  0 小时      0      0      0      0
   8. decular          2      0 天  2 小时      0      0      0      0
   9. ymiao            1      0 天  5 小时      0      0      0      0
  10. cheory           2      0 天  2 小时      0      0      0      0
  11. angeldiablo      3      0 天 13 小时      0      0      0      0
  12. leilei           3      0 天  8 小时      0      0      0      0
  13. bbq              2      0 天  8 小时      0      1      0      0
Thu Nov 20 13:33:30 1997
魔法等级排行榜前 11名:
 名次  玩家姓名      等级     上线时间        综合   元素    黑    杂项
   1. diablo           8      5 天 22 小时     22     34     16     18
   2. mnb             13      4 天 11 小时     15     35      0     12
   3. paul             7      2 天  5 小时     12     20      5     11
   4. qwe              8      5 天 19 小时     12     34      0      2
   5. lai              4      0 天 21 小时      6     18      0      0
   6. free             5      1 天 20 小时      6     17      1      0
   7. decular          5      0 天  8 小时      3      9      0      0
   8. bbq              2      0 天 13 小时      2      6      0      0
   9. angeldiablo      3      0 天 14 小时      0      0      0      0
  10. ymiao            1      0 天 10 小时      0      0      0      0
  11. con              2      0 天  8 小时      0      0      0      0
Sat Nov 22 02:03:41 1997
魔法等级排行榜前 11名:
 名次  玩家姓名      等级     上线时间        综合   元素    黑    杂项
   1. diablo          10      6 天 15 小时     23     37     16     18
   2. mnb             13      4 天 20 小时     16     37      0     13
   3. paul             7      2 天  8 小时     13     21      6     12
   4. qwe              9      6 天  5 小时     12     34      0      2
   5. lai              5      1 天  4 小时      7     22      0      0
   6. free             5      2 天  1 小时      6     18      1      0
   7. decular          5      0 天 13 小时      4     12      0      0
   8. diana            3      0 天 10 小时      2      6      0      0
   9. angeldiablo      3      0 天 17 小时      0      0      0      0
  10. cheory           2      0 天  2 小时      0      0      0      0
  11. ymiao            2      0 天 12 小时      0      0      0      0
Sun Nov 23 02:03:55 1997
魔法等级排行榜前 11名:
 名次  玩家姓名      等级     上线时间        综合   元素    黑    杂项
   1. diablo          10      6 天 18 小时     23     37     16     18
   2. mnb             13      4 天 23 小时     16     37      0     13
   3. qwe             10      6 天 17 小时     13     35      0      5
   4. paul             8      2 天 14 小时     13     22      6     13
   5. free             5      2 天  4 小时      6     19      1      0
   6. decular          5      0 天 14 小时      4     13      0      0
   7. sony             4      1 天 12 小时      4      7      5      0
   8. con              3      0 天 10 小时      1      3      0      0
   9. bug              1      0 天  0 小时      0      0      0      0
  10. photon           2      0 天  1 小时      0      0      0      0
  11. ymiao            2      0 天 14 小时      0      0      0      0
Mon Nov 24 15:15:24 1997
魔法等级排行榜前 9名:
 名次  玩家姓名      等级     上线时间        综合   元素    黑    杂项
   1. diablo          10      7 天  1 小时     25     38     19     20
   2. mnb             13      5 天  7 小时     17     38      0     13
   3. qwe             10      7 天  6 小时     13     35      0      5
   4. lai              5      1 天  7 小时      7     23      0      0
   5. decular          5      0 天 20 小时      5     16      0      0
   6. sony             4      1 天 20 小时      5      8      8      0
   7. wd               1      0 天  3 小时      0      0      0      0
   8. cheory           2      0 天  6 小时      0      0      0      0
   9. qd               1      0 天  0 小时      0      0      0      0
Tue Nov 25 15:15:30 1997
魔法等级排行榜前 8名:
 名次  玩家姓名      等级     上线时间        综合   元素    黑    杂项
   1. diablo          11      7 天 22 小时     29     39     23     25
   2. mnb             13      5 天 12 小时     18     38      0     17
   3. qwe             10      7 天 12 小时     13     35      0      5
   4. lai              5      1 天 11 小时      8     24      0      0
   5. decular          5      1 天  0 小时      6     18      0      0
   6. wd               4      0 天 10 小时      4      4      4      6
   7. diana            3      0 天 10 小时      2      6      0      0
   8. lover            3      0 天  7 小时      2      7      0      0
Thu Nov 27 11:21:18 1997
魔法等级排行榜前 11名:
 名次  玩家姓名      等级     上线时间        综合   元素    黑    杂项
   1. diablo          13      9 天  1 小时     31     41     25     28
   2. mnb             13      5 天 20 小时     19     39      0     18
   3. paul             8      3 天  0 小时     14     24      6     13
   4. lai              6      1 天 13 小时      8     25      0      0
   5. free             5      2 天 13 小时      8     22      2      0
   6. wd               7      0 天 17 小时      7      5     11      6
   7. decular          5      1 天  6 小时      6     20      0      0
   8. sony             4      1 天 23 小时      5      8      8      0
   9. lover            5      1 天  3 小时      4     14      0      0
  10. ckj              1      0 天  4 小时      0      0      0      0
  11. con              1      0 天  1 小时      0      0      0      0
Sat Nov 29 17:00:25 1997
魔法等级排行榜前 12名:
 名次  玩家姓名      等级     上线时间        综合   元素    黑    杂项
   1. diablo          13      9 天 16 小时     32     42     25     29
   2. mnb             14      6 天  9 小时     20     40      0     20
   3. paul             8      3 天  9 小时     15     25      6     14
   4. qwe             11      7 天 20 小时     14     37      2      5
   5. wd              11      1 天 17 小时     13      8     20     13
   6. free             5      2 天 17 小时      8     23      2      0
   7. decular          6      1 天  9 小时      7     21      0      0
   8. lover            7      2 天  2 小时      7     22      0      0
   9. sony             5      2 天  2 小时      5      8      9      0
  10. bbq              3      0 天 14 小时      2      7      0      0
  11. hope             1      0 天  3 小时      0      0      0      0
  12. ax               1      0 天  0 小时      0      0      0      0
Sun Nov 30 17:00:28 1997
魔法等级排行榜前 12名:
 名次  玩家姓名      等级     上线时间        综合   元素    黑    杂项
   1. mnb             14      6 天 13 小时     20     41      0     21
   2. paul             9      3 天 16 小时     15     26      6     14
   3. qwe             12      8 天  0 小时     15     38      2      5
   4. wd              13      1 天 23 小时     15      9     23     15
   5. lover            7      2 天 10 小时      8     24      0      0
   6. decular          6      1 天 12 小时      7     22      0      0
   7. sony             5      2 天  8 小时      6      8     11      0
   8. ly               1      0 天  0 小时      0      0      0      0
   9. qingqing         1      0 天  0 小时      0      0      0      0
  10. psb              1      0 天  1 小时      0      0      0      0
  11. jacky            3      0 天  5 小时      0      1      0      0
  12. pcibm            2      0 天  0 小时      0      0      0      0
Mon Dec  1 17:00:30 1997
魔法等级排行榜前 9名:
 名次  玩家姓名      等级     上线时间        综合   元素    黑    杂项
   1. diablo          13     10 天  1 小时     32     43     25     29
   2. mnb             14      6 天 20 小时     21     42      0     22
   3. wd              13      2 天  0 小时     15      9     23     15
   4. paul             9      4 天  0 小时     15     26      6     15
   5. qwe             12      8 天  2 小时     15     38      2      5
   6. decular          6      1 天 13 小时      7     22      0      0
   7. jacky            5      0 天  8 小时      1      5      0      0
   8. ronald           1      0 天  0 小时      0      0      0      0
   9. cheory           3      0 天  2 小时      0      0      0      0
Tue Dec  2 17:00:33 1997
魔法等级排行榜前 11名:
 名次  玩家姓名      等级     上线时间        综合   元素    黑    杂项
   1. diablo          14     10 天 14 小时     33     44     25     30
   2. mnb             15      7 天  1 小时     21     42      0     22
   3. paul            10      4 天 15 小时     16     27      6     15
   4. qwe             12      8 天  8 小时     15     38      2      5
   5. free             5      2 天 20 小时      8     23      2      0
   6. sony             5      2 天 10 小时      6      8     12      0
   7. jacky            5      0 天 11 小时      4     12      0      0
   8. cheory           3      0 天  3 小时      1      4      0      0
   9. digers           2      0 天  0 小时      0      0      0      0
  10. benben           2      0 天  7 小时      0      0      0      0
  11. ronald           1      0 天  1 小时      0      0      0      0
Wed Dec  3 17:00:36 1997
魔法等级排行榜前 13名:
 名次  玩家姓名      等级     上线时间        综合   元素    黑    杂项
   1. diablo          14     10 天 21 小时     33     44     25     31
   2. mnb             16      7 天 11 小时     22     43      0     25
   3. paul            10      5 天  0 小时     18     28     10     16
   4. qwe             12      8 天 15 小时     15     38      2      5
   5. free             5      2 天 23 小时      8     24      2      0
   6. decular          6      1 天 14 小时      7     23      0      0
   7. sony             5      2 天 11 小时      6      8     12      0
   8. jacky            5      0 天 15 小时      4     14      0      0
   9. leilei           4      0 天 12 小时      2      7      0      0
  10. digers           2      0 天  0 小时      0      0      0      0
  11. hhhhh            1      0 天  3 小时      0      0      0      0
  12. benben           2      0 天 12 小时      0      0      0      0
  13. ax               2      0 天  1 小时      0      0      0      0
Fri Dec  5 00:25:57 1997
魔法等级排行榜前 19名:
 名次  玩家姓名      等级     上线时间        综合   元素    黑    杂项
   1. diablo          14     11 天 11 小时     34     46     25     32
   2. mnb             16      7 天 22 小时     22     43      0     25
   3. paul            11      5 天 13 小时     18     28     12     16
   4. wd              13      2 天  9 小时     17      9     26     16
   5. qwe             12      9 天  5 小时     16     41      2      5
   6. lover            7      2 天 21 小时      9     28      0      0
   7. free             5      2 天 23 小时      8     24      2      0
   8. decular          6      1 天 17 小时      8     24      0      0
   9. sony             5      2 天 16 小时      7      8     13      0
  10. jacky            6      0 天 18 小时      5     17      0      0
  11. fei              5      0 天  7 小时      1      3      0      2
  12. sudd             1      0 天  0 小时      0      0      0      0
  13. fjm              1      0 天  3 小时      0      0      0      0
  14. wdy              1      0 天  1 小时      0      0      0      0
  15. rats             1      0 天  2 小时      0      0      0      0
  16. benben           2      0 天 12 小时      0      0      0      0
  17. als              5      0 天  0 小时      0      0      0      0
  18. mob              4      0 天  0 小时      0      0      0      0
  19. ronald           2      0 天  5 小时      0      1      0      0
Sat Dec  6 14:27:11 1997
魔法等级排行榜前 13名:
 名次  玩家姓名      等级     上线时间        综合   元素    黑    杂项
   1. diablo          15     12 天  9 小时     35     47     25     35
   2. mnb             16      8 天  2 小时     25     44      6     26
   3. paul            11      6 天  0 小时     20     29     14     17
   4. wd              13      2 天 13 小时     17      9     27     16
   5. qwe             12      9 天  8 小时     16     41      2      5
   6. lover            7      3 天  6 小时     10     29      1      0
   7. sony             5      2 天 18 小时      7      8     14      0
   8. jacky            6      0 天 22 小时      6     18      0      0
   9. fei              5      0 天 10 小时      4      9      0      4
  10. leilei           4      0 天 17 小时      2      7      0      0
  11. ronald           3      0 天 11 小时      2      7      0      0
  12. tongzhi          4      1 天  7 小时      0      0      0      0
  13. fjm              4      0 天 16 小时      0      0      0      0
Sun Dec  7 14:27:14 1997
魔法等级排行榜前 14名:
 名次  玩家姓名      等级     上线时间        综合   元素    黑    杂项
   1. diablo          15     12 天 18 小时     36     48     25     36
   2. mnb             16      8 天 14 小时     28     45     13     28
   3. paul            11      6 天  5 小时     20     29     15     17
   4. wd              13      2 天 23 小时     18     10     29     16
   5. qwe             12      9 天 16 小时     16     41      2      5
   6. fei              9      1 天  0 小时     12     19      1     16
   7. sony             6      3 天  2 小时      7      8     15      0
   8. jacky            6      1 天  0 小时      6     20      0      0
   9. leilei           4      0 天 21 小时      2      7      0      0
  10. ii               5      0 天  8 小时      2      7      0      0
  11. digers           2      0 天  1 小时      0      0      0      0
  12. psb              1      0 天  1 小时      0      0      0      0
  13. tongzhi          5      1 天 11 小时      0      0      0      0
  14. fjm              5      1 天  5 小时      0      0      0      0
Tue Dec  9 18:38:10 1997
魔法等级排行榜前 12名:
 名次  玩家姓名      等级     上线时间        综合   元素    黑    杂项
   1. diablo          15     13 天  8 小时     37     48     26     37
   2. mnb             17      9 天  6 小时     32     46     20     30
   3. paul            11      6 天 12 小时     20     30     15     17
   4. fei             10      1 天  6 小时     13     22      1     18
   5. lover            7      3 天 11 小时     10     30      1      0
   6. jacky            6      1 天  4 小时      7     21      0      0
   7. ronald           4      0 天 21 小时      4     13      0      0
   8. bug              2      0 天  6 小时      1      4      0      0
   9. kissyou          1      0 天  2 小时      0      0      0      0
  10. guofei           1      0 天  1 小时      0      0      0      0
  11. fjm              5      1 天 22 小时      0      0      0      0
  12. tongzhi          7      2 天  4 小时      0      0      0      0
Wed Dec 10 21:10:26 1997
魔法等级排行榜前 12名:
 名次  玩家姓名      等级     上线时间        综合   元素    黑    杂项
   1. diablo          15     13 天 16 小时     37     49     26     37
   2. mnb             18      9 天 17 小时     32     46     21     31
   3. paul            11      6 天 16 小时     20     30     15     17
   4. wd              15      3 天 10 小时     19     11     30     16
   5. fei             10      1 天  9 小时     14     23      2     18
   6. lover            7      3 天 16 小时     10     31      1      0
   7. sony             6      3 天  5 小时      8      8     16      0
   8. ronald           4      0 天 22 小时      4     13      0      0
   9. kissyou          3      0 天  5 小时      1      3      0      0
  10. ylj              1      0 天  0 小时      0      0      0      0
  11. tongzhi          7      2 天  5 小时      0      0      0      0
  12. oscer            2      0 天  6 小时      0      0      0      0
Thu Dec 11 21:10:29 1997
魔法等级排行榜前 8名:
 名次  玩家姓名      等级     上线时间        综合   元素    黑    杂项
   1. diablo          15     14 天  1 小时     38     49     27     38
   2. fei             10      1 天  9 小时     14     23      2     18
   3. lover            8      3 天 18 小时     10     31      1      0
   4. sony             6      3 天  6 小时      8      8     16      0
   5. ronald           4      0 天 23 小时      4     13      0      0
   6. oscer            3      0 天  7 小时      0      0      0      0
   7. fjm              5      2 天  4 小时      0      0      0      0
   8. guofei           1      0 天  2 小时      0      0      0      0
Fri Dec 12 21:10:32 1997
魔法等级排行榜前 10名:
 名次  玩家姓名      等级     上线时间        综合   元素    黑    杂项
   1. diablo          15     14 天 11 小时     38     49     28     38
   2. paul            11      6 天 21 小时     21     31     15     18
   3. lover           10      3 天 20 小时     10     31      1      0
   4. sony             6      3 天  8 小时      8      8     17      0
   5. decular          6      1 天 17 小时      8     24      0      0
   6. ronald           5      1 天  3 小时      5     15      0      0
   7. love             1      0 天  0 小时      0      0      0      0
   8. hotspot          1      0 天  0 小时      0      0      0      0
   9. oscer            3      0 天 11 小时      0      0      0      0
  10. fjm              5      2 天  8 小时      0      0      0      0
Sat Dec 13 21:10:36 1997
魔法等级排行榜前 12名:
 名次  玩家姓名      等级     上线时间        综合   元素    黑    杂项
   1. paul            11      7 天  2 小时     21     31     15     18
   2. lover           10      3 天 21 小时     10     31      1      0
   3. sony             6      3 天 10 小时      8      8     18      0
   4. oscer            4      0 天 21 小时      6     18      0      0
   5. ronald           5      1 天  6 小时      5     15      0      0
   6. kissyou          5      0 天 12 小时      4     14      0      0
   7. superman         1      0 天  1 小时      0      0      0      0
   8. yangguo          2      0 天  4 小时      0      0      0      0
   9. fjm              5      2 天  9 小时      0      0      0      0
  10. guofei           3      0 天  2 小时      0      0      0      0
  11. hunter           5      0 天 15 小时      0      0      0      0
  12. lele             1      0 天  1 小时      0      0      0      0
Sun Dec 14 21:10:39 1997
魔法等级排行榜前 13名:
 名次  玩家姓名      等级     上线时间        综合   元素    黑    杂项
   1. paul            13      7 天  8 小时     21     32     15     18
   2. wd              15      3 天 11 小时     19     11     30     16
   3. lover           10      3 天 23 小时     11     32      1      0
   4. sony             6      3 天 19 小时      9      8     20      0
   5. fjm              6      2 天 16 小时      9     21      6      0
   6. oscer            5      1 天  3 小时      7     21      0      0
   7. ronald           5      1 天  9 小时      5     17      0      0
   8. kissyou          5      0 天 15 小时      5     17      0      0
   9. ylj              1      0 天  2 小时      0      0      0      0
  10. yangguo          1      0 天  8 小时      0      0      0      0
  11. hunter           5      0 天 16 小时      0      2      0      0
  12. guofei           3      0 天  3 小时      0      0      0      0
  13. ask              1      0 天  1 小时      0      0      0      0
Fri Dec 19 11:27:13 1997
魔法等级排行榜前 11名:
 名次  玩家姓名      等级     上线时间        综合   元素    黑    杂项
   1. diablo          17     15 天 14 小时     39     50     30     39
   2. paul            13      8 天  9 小时     25     35     18     22
   3. wd              15      4 天  6 小时     21     12     33     18
   4. fjm              9      3 天 10 小时     15     28      7     11
   5. lover           10      4 天  8 小时     11     33      1      0
   6. sony             6      4 天  1 小时     10      8     22      0
   7. oscer            5      1 天 15 小时      8     25      0      0
   8. lai              6      1 天 16 小时      8     25      0      0
   9. kissyou          6      1 天  0 小时      7     23      0      0
  10. ronald           5      1 天 11 小时      6     18      0      0
  11. ylj              1      0 天  5 小时      0      0      0      0
Sat Dec 20 22:56:30 1997
魔法等级排行榜前 15名:
 名次  玩家姓名      等级     上线时间        综合   元素    黑    杂项
   1. diablo          17     15 天 23 小时     40     50     31     39
   2. paul            14      9 天  0 小时     25     36     18     23
   3. wd              15      4 天 10 小时     22     12     34     21
   4. fjm              9      3 天 16 小时     16     29      7     13
   5. sony             6      4 天  6 小时     10      8     23      0
   6. oscer            7      2 天  3 小时      9     27      0      0
   7. kissyou          8      1 天 13 小时      8     26      0      0
   8. lai             12      1 天 20 小时      8     26      0      0
   9. ronald           5      1 天 12 小时      6     18      0      0
  10. cheory           3      0 天  5 小时      1      5      0      0
  11. tongzhi          7      2 天 11 小时      0      0      0      0
  12. hunter           5      0 天 17 小时      0      2      0      0
  13. ketty            2      0 天  7 小时      0      0      0      0
  14. ask              5      0 天  4 小时      0      0      0      0
  15. gwjiii           3      0 天  1 小时      0      0      0      0
Sun Dec 21 22:56:34 1997
魔法等级排行榜前 16名:
 名次  玩家姓名      等级     上线时间        综合   元素    黑    杂项
   1. paul            14      9 天  7 小时     26     36     19     24
   2. fei             10      1 天 10 小时     14     23      2     18
   3. sony             8      4 天 14 小时     10      8     24      0
   4. oscer            7      2 天 17 小时     10     30      0      0
   5. kissyou         10      1 天 19 小时      9     27      0      0
   6. lai             13      1 天 22 小时      8     26      0      0
   7. dna              5      0 天  1 小时      0      0      0      0
   8. hawn             5      0 天  1 小时      0      0      0      0
   9. yangguo          2      0 天  4 小时      0      1      0      0
  10. hur              1      0 天  1 小时      0      0      0      0
  11. sumtec           1      0 天  0 小时      0      0      0      0
  12. vren             1      0 天  2 小时      0      0      0      0
  13. digers           2      0 天  1 小时      0      1      0      0
  14. hunter           5      0 天 17 小时      0      2      0      0
  15. ketty            2      0 天  8 小时      0      0      0      0
  16. tongzhi         10      2 天 17 小时      0      0      0      0
Tue Dec 23 16:56:56 1997
魔法等级排行榜前 13名:
 名次  玩家姓名      等级     上线时间        综合   元素    黑    杂项
   1. diablo          18     16 天 16 小时     41     50     33     40
   2. paul            15     10 天  6 小时     27     37     20     25
   3. qwe             12      9 天 17 小时     16     41      2      5
   4. fei             11      1 天 14 小时     14     23      2     18
   5. sony             8      4 天 15 小时     10      8     24      0
   6. lai             15      2 天  1 小时     10     27      0      5
   7. oscer            7      2 天 19 小时     10     30      0      0
   8. kissyou         10      2 天  8 小时      9     29      0      0
   9. tongzhi         14      3 天  6 小时      9      9      6     12
  10. ronald           5      1 天 12 小时      6     18      0      0
  11. yangguo          4      0 天  9 小时      3      9      0      0
  12. hur              3      0 天  6 小时      0      0      0      0
  13. hawn             5      0 天  5 小时      0      0      0      0
Thu Dec 25 01:31:47 1997
魔法等级排行榜前 11名:
 名次  玩家姓名      等级     上线时间        综合   元素    黑    杂项
   1. diablo          18     16 天 18 小时     41     50     34     40
   2. paul            15     10 天 21 小时     28     38     21     26
   3. fei             11      1 天 18 小时     14     23      2     18
   4. sony             8      4 天 17 小时     11      8     25      0
   5. lover           10      4 天 13 小时     11     34      1      0
   6. lai             15      2 天  3 小时     11     28      0      5
   7. tongzhi         14      3 天 14 小时     10     10      7     13
   8. kissyou         10      2 天 12 小时     10     29      3      0
   9. yangguo          4      0 天 14 小时      5     17      0      0
  10. hur              4      0 天 10 小时      0      0      0      0
  11. wei              2      0 天  2 小时      0      0      0      0
Fri Dec 26 01:31:51 1997
魔法等级排行榜前 10名:
 名次  玩家姓名      等级     上线时间        综合   元素    黑    杂项
   1. diablo          18     17 天 10 小时     41     50     35     40
   2. paul            16     11 天 12 小时     29     39     22     27
   3. wd              15      4 天 14 小时     22     12     34     21
   4. fei             13      1 天 23 小时     15     24      2     19
   5. kissyou         10      2 天 17 小时     11     29      4      0
   6. tongzhi         14      3 天 16 小时     10     10      7     13
   7. yangguo          5      0 天 16 小时      6     19      0      0
   8. hawn             5      0 天  9 小时      1      5      0      0
   9. liu              1      0 天  3 小时      0      0      0      0
  10. hur              4      0 天 12 小时      0      0      0      0
Sun Dec 28 01:27:12 1997
魔法等级排行榜前 15名:
 名次  玩家姓名      等级     上线时间        综合   元素    黑    杂项
   1. diablo          18     18 天 13 小时     42     50     36     41
   2. paul            16     11 天 23 小时     30     40     22     29
   3. wd              15      5 天  3 小时     23     12     35     23
   4. qwe             12      9 天 17 小时     16     41      2      5
   5. fei             13      2 天  2 小时     15     24      2     19
   6. kissyou         11      2 天 22 小时     11     30      4      0
   7. sony             9      5 天  1 小时     11      8     27      0
   8. oscer            8      3 天 12 小时     11     33      0      0
   9. yangguo          7      1 天  1 小时      7     21      0      0
  10. hawn             5      1 天 13 小时      6     19      1      0
  11. wei              5      0 天  9 小时      5     15      0      0
  12. homepage         5      0 天  6 小时      0      0      0      0
  13. father           4      0 天  4 小时      0      0      0      0
  14. hellfire         1      0 天  0 小时      0      0      0      0
  15. angeldiablo      3      0 天 21 小时      0      0      0      0
Mon Dec 29 01:27:15 1997
魔法等级排行榜前 10名:
 名次  玩家姓名      等级     上线时间        综合   元素    黑    杂项
   1. paul            16     12 天 18 小时     31     41     23     30
   2. wd              17      5 天 15 小时     25     13     37     26
   3. kissyou         11      3 天  4 小时     12     31      6      0
   4. lai             15      2 天  4 小时     11     28      0      5
   5. oscer            9      3 天 21 小时     11     33      0      0
   6. yangguo          7      1 天  8 小时      7     23      0      0
   7. ronald           5      1 天 14 小时      6     18      0      0
   8. wei              5      0 天 10 小时      5     16      1      0
   9. homepage         6      0 天 12 小时      4     12      0      0
  10. batman           2      0 天  1 小时      0      0      0      0
Tue Dec 30 01:27:18 1997
魔法等级排行榜前 9名:
 名次  玩家姓名      等级     上线时间        综合   元素    黑    杂项
   1. diablo          18     18 天 23 小时     43     51     37     41
   2. paul            16     13 天  2 小时     31     41     23     31
   3. wd              17      6 天  2 小时     26     14     37     27
   4. fei             14      2 天  9 小时     15     24      2     19
   5. lover           10      4 天 15 小时     11     34      1      0
   6. lai             15      2 天  5 小时     11     28      0      5
   7. ronald           5      1 天 14 小时      6     19      0      0
   8. homepage         7      0 天 15 小时      4     14      0      0
   9. angeldiablo      3      0 天 22 小时      0      0      0      0
Wed Dec 31 23:34:40 1997
魔法等级排行榜前 13名:
 名次  玩家姓名      等级     上线时间        综合   元素    黑    杂项
   1. diablo          18     19 天 10 小时     43     51     38     41
   2. paul            16     13 天 18 小时     32     42     23     32
   3. wd              19      6 天 22 小时     27     15     38     29
   4. kissyou         12      3 天 16 小时     15     32      8      5
   5. lover           10      4 天 16 小时     11     34      1      0
   6. oscer            9      4 天  2 小时     11     35      0      0
   7. lai             15      2 天  8 小时     11     28      0      5
   8. yangguo          7      1 天 15 小时      8     25      0      0
   9. hawn             6      1 天 16 小时      7     22      1      0
  10. homepage         7      1 天  0 小时      6     20      0      0
  11. wei              5      0 天 14 小时      6     18      1      0
  12. angeldiablo      3      1 天  3 小时      0      0      0      0
  13. winer            1      0 天  1 小时      0      0      0      0
Thu Jan  1 23:34:43 1998
魔法等级排行榜前 13名:
 名次  玩家姓名      等级     上线时间        综合   元素    黑    杂项
   1. diablo          18     19 天 19 小时     43     51     38     42
   2. paul            17     14 天  1 小时     32     42     23     32
   3. wd              19      7 天  7 小时     27     15     39     29
   4. kissyou         13      3 天 21 小时     16     33      8      9
   5. oscer           10      4 天 13 小时     12     36      0      0
   6. lai             16      2 天 18 小时     12     31      0      5
   7. homepage        10      1 天 12 小时      9     28      0      0
   8. yangguo          8      1 天 22 小时      8     26      0      0
   9. hawn             6      2 天  5 小时      8     24      2      0
  10. als              5      0 天  1 小时      0      0      0      0
  11. azi              4      0 天  1 小时      0      0      0      0
  12. angeldiablo      3      1 天  7 小时      0      0      0      0
  13. siyou            2      0 天  1 小时      0      0      0      0
Sat Jan  3 01:35:16 1998
魔法等级排行榜前 7名:
 名次  玩家姓名      等级     上线时间        综合   元素    黑    杂项
   1. paul            18     14 天  3 小时     32     42     23     32
   2. wd              19      7 天 21 小时     29     17     40     30
   3. hawn             8      3 天  2 小时     13     29      2      9
   4. lai             16      2 天 21 小时     12     32      0      5
   5. oscer           11      4 天 21 小时     12     37      0      0
   6. homepage        11      1 天 19 小时     10     31      0      0
   7. siyou            4      0 天  3 小时      2      7      0      0
Sun Jan  4 01:35:20 1998
魔法等级排行榜前 9名:
 名次  玩家姓名      等级     上线时间        综合   元素    黑    杂项
   1. paul            18     14 天 10 小时     32     42     23     32
   2. wd              19      8 天  8 小时     29     17     41     31
   3. kissyou         14      4 天  3 小时     18     33      9     13
   4. lai             17      3 天  4 小时     13     34      0      5
   5. homepage        11      2 天  0 小时     13     32      7      0
   6. oscer           12      5 天  1 小时     12     37      0      0
   7. yangguo          8      2 天  1 小时      9     27      0      0
   8. siyou            5      0 天  6 小时      3     11      0      0
   9. angeldiablo      3      1 天  9 小时      0      0      0      0
Tue Jan  6 15:47:35 1998
魔法等级排行榜前 8名:
 名次  玩家姓名      等级     上线时间        综合   元素    黑    杂项
   1. diablo          19     20 天 15 小时     44     51     39     42
   2. paul            18     14 天 15 小时     32     42     23     32
   3. wd              19      8 天 20 小时     29     17     41     31
   4. kissyou         14      4 天  9 小时     19     34      9     14
   5. fjm              9      3 天 18 小时     16     29      7     13
   6. oscer           12      5 天  9 小时     12     38      0      0
   7. yangguo          8      2 天  7 小时      9     28      0      0
   8. batman           3      0 天  2 小时      0      0      0      0
Wed Jan  7 15:47:38 1998
魔法等级排行榜前 9名:
 名次  玩家姓名      等级     上线时间        综合   元素    黑    杂项
   1. diablo          19     21 天  5 小时     44     51     40     42
   2. paul            18     14 天 22 小时     33     43     24     33
   3. wd              19      9 天  0 小时     30     17     41     32
   4. kissyou         15      4 天 16 小时     20     35     10     15
   5. fei             15      2 天 12 小时     17     26      5     20
   6. lai             18      3 天 13 小时     16     35      4     11
   7. oscer           13      5 天 15 小时     13     39      0      0
   8. yangguo          9      2 天 14 小时      9     29      0      0
   9. batman           3      0 天  4 小时      0      0      0      0
Thu Jan  8 17:27:14 1998
魔法等级排行榜前 7名:
 名次  玩家姓名      等级     上线时间        综合   元素    黑    杂项
   1. wd              19      9 天  7 小时     30     17     41     32
   2. fei             15      2 天 14 小时     17     26      5     20
   3. fjm              9      3 天 18 小时     16     29      7     13
   4. oscer           13      5 天 19 小时     13     39      0      0
   5. yangguo          9      2 天 17 小时     10     30      0      0
   6. free             5      3 天  0 小时      8     24      2      0
   7. queen            4      0 天 20 小时      0      1      0      0
Sun Jan 18 07:58:30 1998
魔法等级排行榜前 13名:
 名次  玩家姓名      等级     上线时间        综合   元素    黑    杂项
   1. diablo          19     24 天  3 小时     45     51     42     44
   2. wd              19     12 天  0 小时     37     19     43     50
   3. paul            19     17 天  2 小时     35     45     25     35
   4. homepage        11      2 天 20 小时     25     33     27     15
   5. kissyou         15      5 天 21 小时     21     37     11     17
   6. lai             19      4 天  4 小时     17     37      5     11
   7. yangguo         12      4 天  9 小时     16     35     14      0
   8. hawn             8      3 天 10 小时     13     30      2      9
   9. siyou            9      0 天 23 小时      8     25      0      0
  10. yyin             5      1 天  2 小时      3     10      0      0
  11. leona            5      0 天 10 小时      2      8      0      0
  12. angeldiablo      5      1 天 19 小时      1      0      4      0
  13. babe             2      0 天  4 小时      0      0      0      0
Mon Jan 19 08:00:49 1998
魔法等级排行榜前 11名:
 名次  玩家姓名      等级     上线时间        综合   元素    黑    杂项
   1. wd              19     12 天  3 小时     37     19     43     50
   2. paul            19     17 天 16 小时     35     45     25     36
   3. kissyou         15      6 天  3 小时     21     37     11     17
   4. lai             19      4 天  7 小时     17     37      5     11
   5. yangguo         13      4 天 14 小时     16     36     14      0
   6. hawn             8      3 天 13 小时     14     31      2      9
   7. siyou           10      1 天  3 小时      8     26      0      0
   8. yyin             5      1 天 10 小时      5     16      0      0
   9. hking            1      0 天  4 小时      0      0      0      0
  10. wum              4      0 天 11 小时      0      0      0      0
  11. hur              4      0 天  7 小时      0      0      0      0
Tue Jan 20 08:00:29 1998
魔法等级排行榜前 8名:
 名次  玩家姓名      等级     上线时间        综合   元素    黑    杂项
   1. wd              19     12 天  8 小时     37     19     43     50
   2. paul            19     17 天 21 小时     35     45     26     36
   3. homepage        11      2 天 22 小时     25     33     28     15
   4. kissyou         15      6 天  8 小时     23     38     13     18
   5. wum              4      0 天 11 小时      0      0      0      0
   6. hhh              1      0 天  1 小时      0      0      0      0
   7. wdy              1      0 天  2 小时      0      0      0      0
   8. hur              4      0 天  9 小时      0      0      0      0
Thu Jan 29 07:55:24 1998
魔法等级排行榜前 5名:
 名次  玩家姓名      等级     上线时间        综合   元素    黑    杂项
   1. diablo          19     25 天  0 小时     46     51     43     44
   2. wd              19     13 天 22 小时     37     19     44     50
   3. lai             19      4 天 23 小时     24     39      6     27
   4. queen            5      1 天  9 小时      7     18      4      0
   5. leona            6      0 天 18 小时      4     12      0      0
Fri Jan 30 08:01:05 1998
魔法等级排行榜前 7名:
 名次  玩家姓名      等级     上线时间        综合   元素    黑    杂项
   1. paul            19     20 天  1 小时     38     47     30     38
   2. wd              19     14 天  2 小时     37     19     44     50
   3. yangguo         14      5 天 14 小时     18     40     14      0
   4. oscer           16      7 天  4 小时     14     42      0      0
   5. queen            5      1 天 11 小时      7     19      4      0
   6. leona            7      0 天 22 小时      7     14      2      6
   7. moses            5      0 天  5 小时      1      4      0      0
Sun Feb  1 08:05:13 1998
魔法等级排行榜前 9名:
 名次  玩家姓名      等级     上线时间        综合   元素    黑    杂项
   1. paul            19     20 天 12 小时     39     47     31     39
   2. wd              19     14 天  9 小时     37     19     44     50
   3. lai             19      5 天  2 小时     24     39      6     27
   4. yangguo         14      5 天 22 小时     18     41     14      0
   5. leona            7      1 天  5 小时      9     14      5      8
   6. moses            5      0 天  9 小时      2      8      0      0
   7. fat              2      0 天  7 小时      2      8      0      0
   8. roba             1      0 天  0 小时      0      0      0      0
   9. guofei           4      0 天  2 小时      0      0      0      0
Mon Feb  2 08:00:44 1998
魔法等级排行榜前 9名:
 名次  玩家姓名      等级     上线时间        综合   元素    黑    杂项
   1. paul            19     21 天  3 小时     39     47     31     39
   2. wd              19     14 天 16 小时     38     20     44     50
   3. yangguo         14      6 天  2 小时     18     41     14      0
   4. leona            7      1 天  7 小时      9     15      5      9
   5. queen            5      1 天 13 小时      8     20      4      0
   6. moses            5      0 天 11 小时      3     10      0      0
   7. fat              2      0 天 11 小时      3     10      0      0
   8. wum              4      0 天 12 小时      0      0      0      0
   9. guofei           4      0 天  5 小时      0      0      0      0
Wed Feb  4 08:05:23 1998
魔法等级排行榜前 10名:
 名次  玩家姓名      等级     上线时间        综合   元素    黑    杂项
   1. paul            19     21 天 11 小时     39     47     31     39
   2. wd              19     14 天 19 小时     38     20     44     50
   3. kissyou         16      7 天  8 小时     27     39     22     20
   4. yangguo         14      6 天  4 小时     21     42     14      9
   5. hawn            12      5 天  3 小时     15     35      3      9
   6. oscer           16      7 天  8 小时     14     42      0      0
   7. hur              5      1 天  9 小时      6     20      0      0
   8. wum              4      0 天 12 小时      0      0      0      0
   9. idol             1      0 天  0 小时      0      0      0      0
  10. guofei           7      0 天  8 小时      0      0      0      0
Thu Feb  5 08:02:39 1998
魔法等级排行榜前 10名:
 名次  玩家姓名      等级     上线时间        综合   元素    黑    杂项
   1. diablo          19     25 天 15 小时     46     51     43     44
   2. paul            19     21 天 18 小时     39     47     31     39
   3. wd              19     14 天 20 小时     38     20     44     50
   4. kissyou         16      7 天 15 小时     27     39     23     21
   5. lai             19      5 天  3 小时     26     40      6     32
   6. oscer           16      7 天 11 小时     14     42      0      0
   7. hur              5      1 天 14 小时      7     21      0      0
   8. fat              4      0 天 21 小时      6     18      0      1
   9. moses            5      0 天 12 小时      3     10      0      0
  10. idol             5      0 天  2 小时      0      0      0      0
Wed Feb 11 07:50:30 1998
魔法等级排行榜前 12名:
 名次  玩家姓名      等级     上线时间        综合   元素    黑    杂项
   1. diablo          19     26 天  3 小时     46     51     43     44
   2. paul            19     23 天  0 小时     43     48     33     48
   3. wd              19     15 天 23 小时     38     20     45     50
   4. lai             19      5 天 13 小时     32     40      6     50
   5. kissyou         18      8 天 15 小时     29     41     24     24
   6. yangguo         14      6 天  9 小时     21     42     14      9
   7. fjm              9      4 天  0 小时     16     29      7     13
   8. idol             7      0 天 11 小时      9      5     11     12
   9. fat              4      1 天  7 小时      8     22      3      1
  10. hur              5      1 天 21 小时      7     23      0      0
  11. moses            5      0 天 17 小时      4     12      0      0
  12. guofei           7      0 天 12 小时      0      0      0      0
Fri Feb 13 20:31:34 1998
魔法等级排行榜前 11名:
 名次  玩家姓名      等级     上线时间        综合   元素    黑    杂项
   1. diablo          19     26 天  6 小时     46     51     43     44
   2. paul            19     23 天 13 小时     43     48     33     50
   3. wd              19     16 天 13 小时     38     20     45     50
   4. kissyou         18      9 天  6 小时     35     41     24     40
   5. lai             19      5 天 15 小时     32     40      6     50
   6. oscer           16      8 天  5 小时     14     43      0      0
   7. queen            5      2 天  3 小时     10     26      4      0
   8. hur              6      1 天 23 小时      7     23      0      0
   9. moses            5      1 天  1 小时      4     14      0      0
  10. zkent            1      0 天  0 小时      0      0      0      0
  11. batman           4      0 天  8 小时      0      0      0      0
Sun Feb 15 08:06:30 1998
魔法等级排行榜前 9名:
 名次  玩家姓名      等级     上线时间        综合   元素    黑    杂项
   1. paul            19     23 天 19 小时     44     48     34     50
   2. wd              19     17 天  4 小时     38     21     45     50
   3. kissyou         18      9 天 13 小时     36     42     26     40
   4. lai             19      5 天 16 小时     32     40      6     50
   5. hawn            15      6 天 14 小时     22     37      9     21
   6. queen            5      2 天  5 小时     10     27      4      0
   7. hur              6      2 天  3 小时      8     25      0      0
   8. moses            5      1 天  2 小时      4     14      0      0
   9. batman           4      0 天  8 小时      0      0      0      0
Mon Feb 16 08:10:27 1998
魔法等级排行榜前 9名:
 名次  玩家姓名      等级     上线时间        综合   元素    黑    杂项
   1. paul            19     24 天  2 小时     44     48     34     50
   2. lai             19      5 天 22 小时     43     49     30     50
   3. wd              19     17 天 11 小时     38     21     45     50
   4. kissyou         18      9 天 20 小时     36     42     26     40
   5. hawn            16      6 天 19 小时     22     38      9     21
   6. oscer           16      8 天  7 小时     14     44      0      0
   7. queen            5      2 天  6 小时     10     27      4      0
   8. batman           4      0 天 11 小时      0      0      0      0
   9. photon           2      0 天  3 小时      0      0      0      0
Thu Feb 19 15:54:21 1998
魔法等级排行榜前 10名:
 名次  玩家姓名      等级     上线时间        综合   元素    黑    杂项
   1. diablo          19     26 天 10 小时     60     60     60     60
   2. lai             19      6 天  1 小时     47     51     40     50
   3. paul            19     24 天 11 小时     44     49     35     50
   4. kissyou         19     10 天  9 小时     36     43     26     41
   5. queen            5      2 天  8 小时     10     28      4      0
   6. moses            5      1 天  5 小时      5     15      0      0
   7. batman           5      0 天 13 小时      4     13      0      0
   8. kill             3      0 天 14 小时      0      0      0      0
   9. zkent            1      0 天  2 小时      0      0      0      0
  10. hellfire         2      0 天  3 小时      0      0      0      0
Sun Feb 22 07:45:56 1998
魔法等级排行榜前 8名:
 名次  玩家姓名      等级     上线时间        综合   元素    黑    杂项
   1. diablo          19     26 天 12 小时     60     60     60     60
   2. lai             19      6 天  3 小时     47     51     40     50
   3. hawn            16      7 天  7 小时     23     38      9     23
   4. leona            9      2 天  2 小时     13     19      8     13
   5. queen            8      2 天 19 小时     11     28      6      0
   6. fat              5      1 天 11 小时      9     24      4      1
   7. free             5      3 天  0 小时      8     24      2      0
   8. ronald           6      1 天 18 小时      7     21      0      0
Mon Feb 23 08:19:17 1998
魔法等级排行榜前 8名:
 名次  玩家姓名      等级     上线时间        综合   元素    黑    杂项
   1. lai             19      6 天  3 小时     47     51     40     50
   2. paul            19     24 天 14 小时     44     49     35     50
   3. wd              19     17 天 16 小时     39     21     46     50
   4. hawn            16      7 天  7 小时     23     38      9     23
   5. queen            9      2 天 23 小时     11     29      6      0
   6. batman           5      0 天 14 小时      5     16      0      0
   7. photon           2      0 天  6 小时      0      0      0      0
   8. hellfire         3      0 天  9 小时      0      0      0      0
Tue Feb 24 08:27:18 1998
魔法等级排行榜前 5名:
 名次  玩家姓名      等级     上线时间        综合   元素    黑    杂项
   1. lai             19      6 天  4 小时     47     51     40     50
   2. wd              19     17 天 20 小时     39     21     46     50
   3. oscer           16      8 天 16 小时     14     44      0      0
   4. batman           5      0 天 14 小时      6     19      0      0
   5. hellfire         5      0 天 12 小时      2      6      0      0
Wed Mar 18 08:10:34 1998
魔法等级排行榜前 3名:
 名次  玩家姓名      等级     上线时间        综合   元素    黑    杂项
   1. oscer           17     12 天  3 小时     19     48      5      5
   2. idol            10      1 天  8 小时     16     10     21     18
   3. hellfire         7      1 天  4 小时      5     14      3      0
Tue Mar 24 22:16:10 1998
魔法等级排行榜前 5名:
 名次  玩家姓名      等级     上线时间        综合   元素    黑    杂项
   1. oscer           19     13 天  7 小时     19     49      5      5
   2. queen            9      3 天 22 小时     13     34      6      0
   3. hur              6      2 天  4 小时      8     25      0      0
   4. hellfire         7      1 天 13 小时      6     15      5      0
   5. hking            1      0 天  5 小时      0      0      0      0
Mon Mar 30 01:07:08 1998
魔法等级排行榜前 3名:
 名次  玩家姓名      等级     上线时间        综合   元素    黑    杂项
   1. oscer           19     13 天 11 小时     19     49      5      5
   2. queen            9      4 天  1 小时     13     34      6      0
   3. batman           7      0 天 22 小时     12     22     14      0
Tue Apr  7 07:46:06 1998
魔法等级排行榜前 2名:
 名次  玩家姓名      等级     上线时间        综合   元素    黑    杂项
   1. diablo          19     26 天 21 小时     60     60     60     60
   2. oscer           19     13 天 23 小时     20     50      5      5
Tue May 22 23:10:14 2001
魔法等级排行榜目前是空的。
Tue May 22 23:39:41 2001
魔法等级排行榜目前是空的。
