Fri Oct  4 14:53:57 1996
少林僧侣功勋榜前 20 名:
##|  玩家姓名   七十二绝技 熟练度 | 玩家  姓名   功 劳 | 玩家  姓名  经验总值
--+------------ ---------- -------+------------ -------+------------ --------
 1| Sion                        0 | Sion             0 | Tuto           88497
 2| Kest                        0 | Kest             0 | Bic            71704
 3| Poh                         0 | Poh              0 | Og             47471
 4| Jen                         0 | Jen              0 | Konl           41417
 5| Scette                      0 | Scette           0 | Move           40874
 6| Akila                       0 | Akila            0 | Bigtree        26499
 7| Modoka                      0 | Modoka           0 | Bar            10515
 8| Kama                        0 | Kama             0 | Popoll         10035
 9| Wer                         0 | Wer              0 | Okob            8992
10| Rover                       0 | Rover            0 | Anders          8731
11| Fhy                         0 | Fhy              0 | Catt            8351
12| Og                          0 | Og               0 | Tu              8269
13| Tobin                       0 | Tobin            0 | Bison           7850
14| Foucault                    0 | Foucault         0 | Kama            6900
15| Namco                       0 | Namco            0 | Bebole          6604
16| Nono                        0 | Nono             0 | Apolo           6378
17| Catt                        0 | Catt             0 | Joker           5755
18| Bebole                      0 | Bebole           0 | Wer             5750
19| Lane                        0 | Lane             0 | Rover           5654
20| Guava                       0 | Guava            0 | Lane            4809
Sat Oct  5 14:54:10 1996
少林僧侣功勋榜前 20 名:
##|  玩家姓名   七十二绝技 熟练度 | 玩家  姓名   功 劳 | 玩家  姓名  经验总值
--+------------ ---------- -------+------------ -------+------------ --------
 1| Tuto        般若掌      20214 | Kennyg           0 | Tuto          141150
 2| Bic         拈花指       8023 | Bebole           0 | Og            140208
 3| Move        拈花指       2069 | Shizu            0 | Move          138406
 4| Og          拈花指        242 | Later            0 | Bic           136065
 5| Rover                       0 | Coolboy          0 | Konl           43525
 6| Bonk                        0 | Way              0 | Bigtree        40629
 7| Bar                         0 | Fhy              0 | Bison          38609
 8| Kennyg                      0 | Scette           0 | Tu             30655
 9| Bebole                      0 | Fmaster          0 | Wer            30272
10| Liu                         0 | Smiths           0 | Okob           16815
11| Shizu                       0 | Kama             0 | Anders         14243
12| Luis                        0 | Satanevil        0 | Catt            9852
13| Later                       0 | Popoll           0 | Sabbath         9654
14| Guava                       0 | Bison            0 | Joker           8714
15| Coolboy                     0 | Bic              0 | Kama            8591
16| Way                         0 | Pipi             0 | Bar             8546
17| Fhy                         0 | Rover            0 | Sion            8049
18| Modoka                      0 | Bonk             0 | Mtw             7237
19| Fmaster                     0 | Bar              0 | Scette          6773
20| Smiths                      0 | Okob             0 | Di              6529
Sun Oct  6 14:54:21 1996
少林僧侣功勋榜前 20 名:
##|  玩家姓名   七十二绝技 熟练度 | 玩家  姓名   功 劳 | 玩家  姓名  经验总值
--+------------ ---------- -------+------------ -------+------------ --------
 1| Tuto        般若掌      81160 | Bigtree          0 | Tuto          677606
 2| Og          拈花指      34806 | Jen              0 | Og            336093
 3| Bic         拈花指      28528 | Bonk             0 | Move          161349
 4| Move        拈花指      23727 | Saga             0 | Bic           136813
 5| Bigtree                     0 | Satanevil        0 | Bison          89643
 6| Jen                         0 | Delphi           0 | Tu             53944
 7| Bonk                        0 | Excite           0 | Konl           43525
 8| Saga                        0 | Lane             0 | Bigtree        39403
 9| Satanevil                   0 | Oo               0 | Jen            26318
10| Delphi                      0 | Catt             0 | Playd          18855
11| Excite                      0 | Liu              0 | Lx             15333
12| Lane                        0 | Konl             0 | Wer            14866
13| Oo                          0 | Kama             0 | Anders         13974
14| Catt                        0 | Bebole           0 | Kama           13725
15| Liu                         0 | Nakago           0 | Catt           13015
16| Konl                        0 | Shizu            0 | Mtw            10743
17| Kama                        0 | Bison            0 | Di              8232
18| Bebole                      0 | Verse            0 | Lane            8163
19| Nakago                      0 | Apolo            0 | Satanevil       6204
20| Shizu                       0 | Og               0 | Shizu           5751
Tue Sep 16 13:53:28 1997
对不起，少林僧侣功勋榜目前是空的。
Wed Sep 17 13:53:29 1997
对不起，少林僧侣功勋榜目前是空的。
Thu Sep 18 13:53:30 1997
对不起，少林僧侣功勋榜目前是空的。
Fri Sep 19 13:53:31 1997
对不起，少林僧侣功勋榜目前是空的。
Sat Sep 20 13:53:32 1997
对不起，少林僧侣功勋榜目前是空的。
Sun Sep 21 13:53:33 1997
对不起，少林僧侣功勋榜目前是空的。
Mon Sep 22 13:53:34 1997
对不起，少林僧侣功勋榜目前是空的。
Tue Sep 23 13:53:35 1997
对不起，少林僧侣功勋榜目前是空的。
Wed Sep 24 13:53:36 1997
对不起，少林僧侣功勋榜目前是空的。
Thu Sep 25 13:53:37 1997
对不起，少林僧侣功勋榜目前是空的。
Fri Sep 26 13:53:38 1997
对不起，少林僧侣功勋榜目前是空的。
Sat Sep 27 13:53:39 1997
对不起，少林僧侣功勋榜目前是空的。
Sun Sep 28 13:53:41 1997
对不起，少林僧侣功勋榜目前是空的。
Mon Sep 29 13:53:42 1997
对不起，少林僧侣功勋榜目前是空的。
Wed Oct 22 14:32:41 1997
对不起，少林僧侣功勋榜目前是空的。
Thu Oct 23 14:32:43 1997
对不起，少林僧侣功勋榜目前是空的。
Sat Oct 25 00:45:10 1997
对不起，少林僧侣功勋榜目前是空的。
Tue Oct 28 10:42:13 1997
对不起，少林僧侣功勋榜目前是空的。
Wed Oct 29 16:59:02 1997
对不起，少林僧侣功勋榜目前是空的。
Fri Oct 31 11:31:48 1997
对不起，少林僧侣功勋榜目前是空的。
Sat Nov  1 11:31:51 1997
对不起，少林僧侣功勋榜目前是空的。
Mon Nov  3 00:31:00 1997
对不起，少林僧侣功勋榜目前是空的。
Wed Nov  5 22:29:03 1997
对不起，少林僧侣功勋榜目前是空的。
Sat Nov  8 15:15:08 1997
对不起，少林僧侣功勋榜目前是空的。
Mon Nov 10 13:52:19 1997
对不起，少林僧侣功勋榜目前是空的。
Wed Nov 12 21:30:34 1997
对不起，少林僧侣功勋榜目前是空的。
Thu Nov 13 21:30:36 1997
对不起，少林僧侣功勋榜目前是空的。
Fri Nov 14 22:39:54 1997
对不起，少林僧侣功勋榜目前是空的。
Sat Nov 15 23:37:13 1997
少林僧侣功勋榜前 1 名:
##|  玩家姓名   七十二绝技 熟练度 | 玩家  姓名   功 劳 | 玩家  姓名  经验总值
--+------------ ---------- -------+------------ -------+------------ --------
 1| Puzzle                      0 | Puzzle           0 | Puzzle           472
Sun Nov 16 23:37:15 1997
对不起，少林僧侣功勋榜目前是空的。
Mon Nov 17 23:37:19 1997
少林僧侣功勋榜前 1 名:
##|  玩家姓名   七十二绝技 熟练度 | 玩家  姓名   功 劳 | 玩家  姓名  经验总值
--+------------ ---------- -------+------------ -------+------------ --------
 1| Long                        0 | Long             0 | Long             678
Tue Nov 18 23:37:22 1997
少林僧侣功勋榜前 2 名:
##|  玩家姓名   七十二绝技 熟练度 | 玩家  姓名   功 劳 | 玩家  姓名  经验总值
--+------------ ---------- -------+------------ -------+------------ --------
 1| Star                        0 | Star             0 | Long            3790
 2| Long                        0 | Long             0 | Star            1526
Thu Nov 20 13:33:30 1997
少林僧侣功勋榜前 2 名:
##|  玩家姓名   七十二绝技 熟练度 | 玩家  姓名   功 劳 | 玩家  姓名  经验总值
--+------------ ---------- -------+------------ -------+------------ --------
 1| Long                        0 | Long             0 | Long            3999
 2| Star                        0 | Star             0 | Star            1558
Sat Nov 22 02:03:41 1997
少林僧侣功勋榜前 2 名:
##|  玩家姓名   七十二绝技 熟练度 | 玩家  姓名   功 劳 | 玩家  姓名  经验总值
--+------------ ---------- -------+------------ -------+------------ --------
 1| Long                        0 | Long             0 | Long            2975
 2| Star                        0 | Star             0 | Star            1716
Sun Nov 23 02:03:55 1997
对不起，少林僧侣功勋榜目前是空的。
Mon Nov 24 15:15:24 1997
少林僧侣功勋榜前 3 名:
##|  玩家姓名   七十二绝技 熟练度 | 玩家  姓名   功 劳 | 玩家  姓名  经验总值
--+------------ ---------- -------+------------ -------+------------ --------
 1| Nsr                         0 | Nsr              0 | Long            6269
 2| Long                        0 | Long             0 | Star            4978
 3| Star                        0 | Star             0 | Nsr             3021
Tue Nov 25 15:15:30 1997
对不起，少林僧侣功勋榜目前是空的。
Thu Nov 27 11:21:18 1997
对不起，少林僧侣功勋榜目前是空的。
Sat Nov 29 17:00:25 1997
对不起，少林僧侣功勋榜目前是空的。
Sun Nov 30 17:00:28 1997
对不起，少林僧侣功勋榜目前是空的。
Mon Dec  1 17:00:30 1997
对不起，少林僧侣功勋榜目前是空的。
Tue Dec  2 17:00:33 1997
对不起，少林僧侣功勋榜目前是空的。
Wed Dec  3 17:00:36 1997
对不起，少林僧侣功勋榜目前是空的。
Fri Dec  5 00:25:57 1997
对不起，少林僧侣功勋榜目前是空的。
Sat Dec  6 14:27:11 1997
对不起，少林僧侣功勋榜目前是空的。
Sun Dec  7 14:27:14 1997
对不起，少林僧侣功勋榜目前是空的。
Tue Dec  9 18:38:10 1997
对不起，少林僧侣功勋榜目前是空的。
Wed Dec 10 21:10:26 1997
对不起，少林僧侣功勋榜目前是空的。
Thu Dec 11 21:10:29 1997
对不起，少林僧侣功勋榜目前是空的。
Fri Dec 12 21:10:32 1997
少林僧侣功勋榜前 2 名:
##|  玩家姓名   七十二绝技 熟练度 | 玩家  姓名   功 劳 | 玩家  姓名  经验总值
--+------------ ---------- -------+------------ -------+------------ --------
 1| Testb                       0 | Testb            0 | Compaq          4476
 2| Compaq                      0 | Compaq           0 | Testb            678
Sat Dec 13 21:10:36 1997
对不起，少林僧侣功勋榜目前是空的。
Sun Dec 14 21:10:39 1997
少林僧侣功勋榜前 2 名:
##|  玩家姓名   七十二绝技 熟练度 | 玩家  姓名   功 劳 | 玩家  姓名  经验总值
--+------------ ---------- -------+------------ -------+------------ --------
 1| Alanr                       0 | Alanr            0 | Long           42450
 2| Long                        0 | Long             0 | Alanr           1636
Fri Dec 19 11:27:13 1997
对不起，少林僧侣功勋榜目前是空的。
Sat Dec 20 22:56:30 1997
少林僧侣功勋榜前 1 名:
##|  玩家姓名   七十二绝技 熟练度 | 玩家  姓名   功 劳 | 玩家  姓名  经验总值
--+------------ ---------- -------+------------ -------+------------ --------
 1| Long                        0 | Long             0 | Long             567
Sun Dec 21 22:56:34 1997
对不起，少林僧侣功勋榜目前是空的。
Tue Dec 23 16:56:56 1997
少林僧侣功勋榜前 4 名:
##|  玩家姓名   七十二绝技 熟练度 | 玩家  姓名   功 劳 | 玩家  姓名  经验总值
--+------------ ---------- -------+------------ -------+------------ --------
 1| Monk                        0 | Monk             0 | Long           14848
 2| Testb                       0 | Testb            0 | Yong            2905
 3| Long                        0 | Long             0 | Monk            2654
 4| Yong                        0 | Yong             0 | Testb            631
Thu Dec 25 01:31:47 1997
少林僧侣功勋榜前 4 名:
##|  玩家姓名   七十二绝技 熟练度 | 玩家  姓名   功 劳 | 玩家  姓名  经验总值
--+------------ ---------- -------+------------ -------+------------ --------
 1| Yong                        0 | Yong             0 | Long          183535
 2| Testb                       0 | Testb            0 | Monk           12503
 3| Long                        0 | Long             0 | Yong           10267
 4| Monk                        0 | Monk             0 | Testb            631
Fri Dec 26 01:31:51 1997
对不起，少林僧侣功勋榜目前是空的。
Sun Dec 28 01:27:12 1997
对不起，少林僧侣功勋榜目前是空的。
Mon Dec 29 01:27:15 1997
少林僧侣功勋榜前 2 名:
##|  玩家姓名   七十二绝技 熟练度 | 玩家  姓名   功 劳 | 玩家  姓名  经验总值
--+------------ ---------- -------+------------ -------+------------ --------
 1| Plone                       0 | Plone            0 | Long          162901
 2| Long                        0 | Long             0 | Plone           5575
Tue Dec 30 01:27:18 1997
少林僧侣功勋榜前 2 名:
##|  玩家姓名   七十二绝技 熟练度 | 玩家  姓名   功 劳 | 玩家  姓名  经验总值
--+------------ ---------- -------+------------ -------+------------ --------
 1| Long        大力金刚指   8738 | Long             0 | Long          327039
 2| Plone                       0 | Plone            0 | Plone           3566
Wed Dec 31 23:34:40 1997
对不起，少林僧侣功勋榜目前是空的。
Thu Jan  1 23:34:43 1998
少林僧侣功勋榜前 6 名:
##|  玩家姓名   七十二绝技 熟练度 | 玩家  姓名   功 劳 | 玩家  姓名  经验总值
--+------------ ---------- -------+------------ -------+------------ --------
 1| Long        大力金刚指  22221 | Long             0 | Long          312939
 2| Monk                        0 | Monk             0 | Monk          140431
 3| Alanr                       0 | Alanr            0 | Compaq         46621
 4| Abird                       0 | Abird            0 | Yong           20971
 5| Compaq                      0 | Compaq           0 | Alanr          14530
 6| Yong                        0 | Yong             0 | Abird           3082
Sat Jan  3 01:35:16 1998
少林僧侣功勋榜前 5 名:
##|  玩家姓名   七十二绝技 熟练度 | 玩家  姓名   功 劳 | 玩家  姓名  经验总值
--+------------ ---------- -------+------------ -------+------------ --------
 1| Long        大力金刚指  25944 | Duke             0 | Long          462544
 2| Duke                        0 | Long             0 | Yong           32401
 3| Abird                       0 | Abird            0 | Abird          15240
 4| Fransico                    0 | Fransico         0 | Duke           10853
 5| Yong                        0 | Yong             0 | Fransico        1103
Sun Jan  4 01:35:20 1998
少林僧侣功勋榜前 3 名:
##|  玩家姓名   七十二绝技 熟练度 | 玩家  姓名   功 劳 | 玩家  姓名  经验总值
--+------------ ---------- -------+------------ -------+------------ --------
 1| Monk                        0 | Monk             0 | Monk          561329
 2| Duke                        0 | Duke             0 | Yong           40076
 3| Yong                        0 | Yong             0 | Duke           19460
Tue Jan  6 15:47:35 1998
少林僧侣功勋榜前 2 名:
##|  玩家姓名   七十二绝技 熟练度 | 玩家  姓名   功 劳 | 玩家  姓名  经验总值
--+------------ ---------- -------+------------ -------+------------ --------
 1| Long        大力金刚指  35055 | Long             0 | Long          660701
 2| Compaq                      0 | Compaq           0 | Compaq         37302
Wed Jan  7 15:47:38 1998
少林僧侣功勋榜前 4 名:
##|  玩家姓名   七十二绝技 熟练度 | 玩家  姓名   功 劳 | 玩家  姓名  经验总值
--+------------ ---------- -------+------------ -------+------------ --------
 1| Long        大力金刚指  37039 | Monk             0 | Long          677323
 2| Monk                        0 | Duke             0 | Monk          550682
 3| Duke                        0 | Long             0 | Duke           22231
 4| Plone                       0 | Plone            0 | Plone           6488
Thu Jan  8 17:27:14 1998
少林僧侣功勋榜前 1 名:
##|  玩家姓名   七十二绝技 熟练度 | 玩家  姓名   功 劳 | 玩家  姓名  经验总值
--+------------ ---------- -------+------------ -------+------------ --------
 1| Monk        拈花指      22538 | Monk             0 | Monk          993541
Sun Jan 18 07:58:30 1998
少林僧侣功勋榜前 8 名:
##|  玩家姓名   七十二绝技 熟练度 | 玩家  姓名   功 劳 | 玩家  姓名  经验总值
--+------------ ---------- -------+------------ -------+------------ --------
 1| Monk        拈花指     227220 | Long          5750 | Monk         1866518
 2| Compaq      龙爪手      93322 | Monk          4700 | Long          871147
 3| Long        大力金刚指  81438 | Compaq         390 | Compaq        296447
 4| Abird                       0 | Abird            0 | Duke           67232
 5| Com                         0 | Com              0 | Abird          45534
 6| Duke                        0 | Duke             0 | Waiter          5286
 7| Cisco                       0 | Cisco            0 | Cisco           1139
 8| Waiter                      0 | Waiter           0 | Com              460
Mon Jan 19 08:00:49 1998
少林僧侣功勋榜前 6 名:
##|  玩家姓名   七十二绝技 熟练度 | 玩家  姓名   功 劳 | 玩家  姓名  经验总值
--+------------ ---------- -------+------------ -------+------------ --------
 1| Monk        拈花指     232284 | Long          5750 | Monk         1913686
 2| Long        大力金刚指  86952 | Monk          4700 | Long          733182
 3| Compaq                      0 | Compaq         390 | Compaq        322361
 4| Cisco                       0 | Cisco            0 | Duke          113320
 5| Abird                       0 | Abird            0 | Abird          52090
 6| Duke                        0 | Duke             0 | Cisco           1139
Tue Jan 20 08:00:29 1998
少林僧侣功勋榜前 3 名:
##|  玩家姓名   七十二绝技 熟练度 | 玩家  姓名   功 劳 | 玩家  姓名  经验总值
--+------------ ---------- -------+------------ -------+------------ --------
 1| Monk        拈花指     232284 | Monk          4700 | Monk         1913704
 2| Compaq      拈花指       2645 | Compaq         390 | Compaq        375665
 3| Ko                          0 | Ko               0 | Ko              3727
Thu Jan 29 07:55:24 1998
少林僧侣功勋榜前 3 名:
##|  玩家姓名   七十二绝技 熟练度 | 玩家  姓名   功 劳 | 玩家  姓名  经验总值
--+------------ ---------- -------+------------ -------+------------ --------
 1| Abird       般若掌      26074 | Alanr            0 | Duke          482907
 2| Duke        龙爪手      11799 | Duke             0 | Abird         274246
 3| Alanr                       0 | Abird            0 | Alanr           4836
Fri Jan 30 08:01:05 1998
少林僧侣功勋榜前 4 名:
##|  玩家姓名   七十二绝技 熟练度 | 玩家  姓名   功 劳 | 玩家  姓名  经验总值
--+------------ ---------- -------+------------ -------+------------ --------
 1| Monk        拈花指     333060 | Monk          4700 | Monk         2769073
 2| Abird       般若掌      28216 | Cisco            0 | Abird         247441
 3| Cisco                       0 | Waiter           0 | Waiter         96202
 4| Waiter                      0 | Abird            0 | Cisco           1139
Sun Feb  1 08:05:13 1998
少林僧侣功勋榜前 7 名:
##|  玩家姓名   七十二绝技 熟练度 | 玩家  姓名   功 劳 | 玩家  姓名  经验总值
--+------------ ---------- -------+------------ -------+------------ --------
 1| Monk        拈花指     399867 | Long          5750 | Monk         3484900
 2| Long        大力金刚指 112434 | Monk          4700 | Duke          804410
 3| Abird       般若掌      45356 | Alanr            0 | Long          767551
 4| Duke        龙爪手      35768 | Abird            0 | Abird         338174
 5| Waiter      般若掌       2170 | Duke             0 | Waiter        131717
 6| Alanr                       0 | Cisco            0 | Alanr           4836
 7| Cisco                       0 | Waiter           0 | Cisco           1139
Mon Feb  2 08:00:44 1998
少林僧侣功勋榜前 7 名:
##|  玩家姓名   七十二绝技 熟练度 | 玩家  姓名   功 劳 | 玩家  姓名  经验总值
--+------------ ---------- -------+------------ -------+------------ --------
 1| Monk        拈花指     423021 | Monk          4700 | Monk         3710416
 2| Compaq      龙爪手     187997 | Compaq         390 | Compaq        726990
 3| Abird       般若掌      54993 | Ko               0 | Duke          539794
 4| Duke        龙爪手      49809 | Alanr            0 | Abird         296427
 5| Ko                          0 | Abird            0 | Ko              9755
 6| Alanr                       0 | Duke             0 | Alanr           4836
 7| Cisco                       0 | Cisco            0 | Cisco           1139
Wed Feb  4 08:05:23 1998
少林僧侣功勋榜前 7 名:
##|  玩家姓名   七十二绝技 熟练度 | 玩家  姓名   功 劳 | 玩家  姓名  经验总值
--+------------ ---------- -------+------------ -------+------------ --------
 1| Compaq      龙爪手     200756 | Monk          4700 | Monk         3964284
 2| Abird       般若掌      66449 | Compaq         390 | Duke         1300021
 3| Duke        龙爪手      62444 | Ko               0 | Abird         745768
 4| Monk                        0 | Alanr            0 | Compaq        705177
 5| Ko                          0 | Duke             0 | Ko             17513
 6| Alanr                       0 | Llwwff           0 | Alanr           2859
 7| Llwwff                      0 | Abird            0 | Llwwff          1093
Thu Feb  5 08:02:39 1998
少林僧侣功勋榜前 7 名:
##|  玩家姓名   七十二绝技 熟练度 | 玩家  姓名   功 劳 | 玩家  姓名  经验总值
--+------------ ---------- -------+------------ -------+------------ --------
 1| Abird       般若掌      68975 | Monk          4700 | Monk         3965516
 2| Duke        龙爪手      65133 | Cisco            0 | Duke         1094560
 3| Cisco                       0 | Ko               0 | Abird         676089
 4| Ko                          0 | Abird            0 | Ko             18193
 5| Alanr                       0 | Alanr            0 | Alanr           2859
 6| Llwwff                      0 | Duke             0 | Llwwff          1935
 7| Monk                        0 | Llwwff           0 | Cisco           1139
Wed Feb 11 07:50:30 1998
少林僧侣功勋榜前 9 名:
##|  玩家姓名   七十二绝技 熟练度 | 玩家  姓名   功 劳 | 玩家  姓名  经验总值
--+------------ ---------- -------+------------ -------+------------ --------
 1| Compaq      龙爪手     290648 | Long          5800 | Monk         3084239
 2| Long        大力金刚指 165231 | Monk          4825 | Long         1704342
 3| Duke        龙爪手     141648 | Compaq        2665 | Compaq       1233227
 4| Abird       般若掌     110096 | Abird         1375 | Duke         1050339
 5| Waiter      般若掌      20391 | Duke           445 | Abird         682857
 6| Yong                        0 | Yong             0 | Waiter        223696
 7| Monk                        0 | Waiter           0 | Ko             29982
 8| Ko                          0 | Ko               0 | Yong           13295
 9| Cisco                       0 | Cisco            0 | Cisco           1139
Fri Feb 13 20:31:34 1998
少林僧侣功勋榜前 1 名:
##|  玩家姓名   七十二绝技 熟练度 | 玩家  姓名   功 劳 | 玩家  姓名  经验总值
--+------------ ---------- -------+------------ -------+------------ --------
 1| Duke        龙爪手     144268 | Duke           445 | Duke         1127267
Sun Feb 15 08:06:30 1998
少林僧侣功勋榜前 7 名:
##|  玩家姓名   七十二绝技 熟练度 | 玩家  姓名   功 劳 | 玩家  姓名  经验总值
--+------------ ---------- -------+------------ -------+------------ --------
 1| Compaq      金刚不坏体 450065 | Long          5800 | Long         1840409
 2| Long        大力金刚指 203469 | Compaq        4030 | Compaq       1470215
 3| Duke        龙爪手     151983 | Abird         2150 | Duke         1208532
 4| Abird       般若掌     126050 | Duke           445 | Abird        1199247
 5| Waiter      拈花指       8965 | Ko               0 | Waiter        339356
 6| Plone       拈花指       1998 | Plone            0 | Plone         207542
 7| Ko          大力金刚指    628 | Waiter           0 | Ko            162529
Thu Feb 19 15:54:21 1998
少林僧侣功勋榜前 3 名:
##|  玩家姓名   七十二绝技 熟练度 | 玩家  姓名   功 劳 | 玩家  姓名  经验总值
--+------------ ---------- -------+------------ -------+------------ --------
 1| Abird       般若掌     161121 | Compaq        4030 | Compaq       1533274
 2| Bwin                        0 | Abird         3040 | Abird        1340152
 3| Compaq                      0 | Bwin             0 | Bwin             978
Sun Feb 22 07:45:56 1998
对不起，少林僧侣功勋榜目前是空的。
Mon Feb 23 08:19:17 1998
对不起，少林僧侣功勋榜目前是空的。
Tue Feb 24 08:27:18 1998
少林僧侣功勋榜前 3 名:
##|  玩家姓名   七十二绝技 熟练度 | 玩家  姓名   功 劳 | 玩家  姓名  经验总值
--+------------ ---------- -------+------------ -------+------------ --------
 1| Ko          大力金刚指 425192 | Monk          4825 | Monk         3206675
 2| Monk                        0 | Compaq        3930 | Compaq       1815672
 3| Compaq                      0 | Ko              40 | Ko            140301
Wed Mar 18 08:10:34 1998
对不起，少林僧侣功勋榜目前是空的。
Tue Mar 24 22:16:10 1998
对不起，少林僧侣功勋榜目前是空的。
Mon Mar 30 01:07:08 1998
对不起，少林僧侣功勋榜目前是空的。
Tue Apr  7 07:46:06 1998
少林僧侣功勋榜前 1 名:
##|  玩家姓名   七十二绝技 熟练度 | 玩家  姓名   功 劳 | 玩家  姓名  经验总值
--+------------ ---------- -------+------------ -------+------------ --------
 1| Waiter      拈花指     117232 | Waiter           0 | Waiter        897007
Tue May 22 23:10:14 2001
对不起，少林僧侣功勋榜目前是空的。
Tue May 22 23:39:42 2001
对不起，少林僧侣功勋榜目前是空的。
